{"uid":"8b8dd2df7313db18","name":"Thêm sản phẩm vào đơn hàng với data mặc định","fullName":"org.example.pftesting.testcases.orders.CreateOrder.createOrder_invalidData_defaultProductData","historyId":"b2eeea06e2b395e562615795972a3498","time":{"start":1716315610296,"stop":1716315613120,"duration":2824},"status":"failed","statusMessage":"UnhandledAlertException: unexpected alert open: {Alert text : Vui lòng điền đầy đủ thông tin}\nScreenshot: file:/Users/bbadmin/Documents/BB/pftesting/build/reports/tests/org/example/pftesting/testcases/orders/CreateOrder/createOrder_invalidData_defaultProductData/1716315612949.8.png\nTimeout: 5 s.\nCaused by: UnhandledAlertException: unexpected alert open: {Alert text : Vui lòng điền đầy đủ thông tin}","statusTrace":"UnhandledAlertException: unexpected alert open: {Alert text : Vui lòng điền đầy đủ thông tin}\nScreenshot: file:/Users/bbadmin/Documents/BB/pftesting/build/reports/tests/org/example/pftesting/testcases/orders/CreateOrder/createOrder_invalidData_defaultProductData/1716315612949.8.png\nTimeout: 5 s.\nCaused by: UnhandledAlertException: unexpected alert open: {Alert text : Vui lòng điền đầy đủ thông tin}\n\tat com.codeborne.selenide.ex.UIAssertionError.wrapToUIAssertionError(UIAssertionError.java:131)\n\tat com.codeborne.selenide.ex.UIAssertionError.wrapThrowable(UIAssertionError.java:114)\n\tat com.codeborne.selenide.ex.UIAssertionError.wrap(UIAssertionError.java:108)\n\tat com.codeborne.selenide.impl.SelenideElementProxy.invoke(SelenideElementProxy.java:94)\n\tat jdk.proxy2/jdk.proxy2.$Proxy22.shouldBe(Unknown Source)\n\tat keywords.WebUI.assertModalIsOpen(WebUI.java:56)\n\tat org.example.pftesting.pages.orders.OrdersPage.addOrderProduct_defaultData(OrdersPage.java:100)\n\tat org.example.pftesting.testcases.orders.CreateOrder.createOrder_invalidData_defaultProductData(CreateOrder.java:54)\n\tat java.base/jdk.internal.reflect.DirectMethodHandleAccessor.invoke(DirectMethodHandleAccessor.java:103)\n\tat java.base/java.lang.reflect.Method.invoke(Method.java:580)\n\tat org.testng.internal.invokers.MethodInvocationHelper.invokeMethod(MethodInvocationHelper.java:139)\n\tat org.testng.internal.invokers.TestInvoker.invokeMethod(TestInvoker.java:677)\n\tat org.testng.internal.invokers.TestInvoker.invokeTestMethod(TestInvoker.java:221)\n\tat org.testng.internal.invokers.MethodRunner.runInSequence(MethodRunner.java:50)\n\tat org.testng.internal.invokers.TestInvoker$MethodInvocationAgent.invoke(TestInvoker.java:969)\n\tat org.testng.internal.invokers.TestInvoker.invokeTestMethods(TestInvoker.java:194)\n\tat org.testng.internal.invokers.TestMethodWorker.invokeTestMethods(TestMethodWorker.java:148)\n\tat org.testng.internal.invokers.TestMethodWorker.run(TestMethodWorker.java:128)\n\tat java.base/java.util.ArrayList.forEach(ArrayList.java:1596)\n\tat org.testng.TestRunner.privateRun(TestRunner.java:829)\n\tat org.testng.TestRunner.run(TestRunner.java:602)\n\tat org.testng.SuiteRunner.runTest(SuiteRunner.java:437)\n\tat org.testng.SuiteRunner.runSequentially(SuiteRunner.java:431)\n\tat org.testng.SuiteRunner.privateRun(SuiteRunner.java:391)\n\tat org.testng.SuiteRunner.run(SuiteRunner.java:330)\n\tat org.testng.SuiteRunnerWorker.runSuite(SuiteRunnerWorker.java:52)\n\tat org.testng.SuiteRunnerWorker.run(SuiteRunnerWorker.java:95)\n\tat org.testng.TestNG.runSuitesSequentially(TestNG.java:1256)\n\tat org.testng.TestNG.runSuitesLocally(TestNG.java:1176)\n\tat org.testng.TestNG.runSuites(TestNG.java:1099)\n\tat org.testng.TestNG.run(TestNG.java:1067)\n\tat com.intellij.rt.testng.IDEARemoteTestNG.run(IDEARemoteTestNG.java:65)\n\tat com.intellij.rt.testng.RemoteTestNGStarter.main(RemoteTestNGStarter.java:105)\nCaused by: org.openqa.selenium.UnhandledAlertException: unexpected alert open: {Alert text : Vui lòng điền đầy đủ thông tin}\n  (Session info: chrome=124.0.6367.208): Vui lòng điền đầy đủ thông tin\nBuild info: version: '4.13.0', revision: 'ba948ece5b*'\nSystem info: os.name: 'Mac OS X', os.arch: 'aarch64', os.version: '13.6', java.version: '21.0.2'\nDriver info: org.openqa.selenium.chrome.ChromeDriver\nCommand: [7137753af431145a269ba47090e1167b, findElement {using=xpath, value=//div[contains(@class, 'mall')]}]\nCapabilities {acceptInsecureCerts: true, browserName: chrome, browserVersion: 124.0.6367.208, chrome: {chromedriverVersion: 124.0.6367.207 (a9001a6e39f..., userDataDir: /var/folders/5l/cq9tq84s6b5...}, fedcm:accounts: true, goog:chromeOptions: {debuggerAddress: localhost:53231}, networkConnectionEnabled: false, pageLoadStrategy: normal, platformName: mac, proxy: Proxy(), se:cdp: ws://localhost:53231/devtoo..., se:cdpVersion: 124.0.6367.208, setWindowRect: true, strictFileInteractability: false, timeouts: {implicit: 0, pageLoad: 300000, script: 30000}, unhandledPromptBehavior: accept and notify, webauthn:extension:credBlob: true, webauthn:extension:largeBlob: true, webauthn:extension:minPinLength: true, webauthn:extension:prf: true, webauthn:virtualAuthenticators: true}\nSession ID: 7137753af431145a269ba47090e1167b\n\tat org.openqa.selenium.remote.codec.w3c.W3CHttpResponseCodec.decode(W3CHttpResponseCodec.java:131)\n\tat org.openqa.selenium.remote.codec.w3c.W3CHttpResponseCodec.decode(W3CHttpResponseCodec.java:52)\n\tat org.openqa.selenium.remote.HttpCommandExecutor.execute(HttpCommandExecutor.java:191)\n\tat org.openqa.selenium.remote.service.DriverCommandExecutor.invokeExecute(DriverCommandExecutor.java:196)\n\tat org.openqa.selenium.remote.service.DriverCommandExecutor.execute(DriverCommandExecutor.java:171)\n\tat org.openqa.selenium.remote.RemoteWebDriver.execute(RemoteWebDriver.java:602)\n\tat org.openqa.selenium.remote.ElementLocation$ElementFinder$2.findElement(ElementLocation.java:165)\n\tat org.openqa.selenium.remote.ElementLocation.findElement(ElementLocation.java:59)\n\tat org.openqa.selenium.remote.RemoteWebDriver.findElement(RemoteWebDriver.java:359)\n\tat org.openqa.selenium.remote.RemoteWebDriver.findElement(RemoteWebDriver.java:353)\n\tat com.codeborne.selenide.impl.WebElementSelector.findElement(WebElementSelector.java:70)\n\tat com.codeborne.selenide.impl.WebElementSelector.findElement(WebElementSelector.java:44)\n\tat com.codeborne.selenide.impl.WebElementSelector.findElement(WebElementSelector.java:33)\n\tat com.codeborne.selenide.impl.ElementFinder.getWebElement(ElementFinder.java:122)\n\tat com.codeborne.selenide.impl.WebElementSource.checkConditionAndReturnElement(WebElementSource.java:116)\n\tat com.codeborne.selenide.impl.WebElementSource.checkCondition(WebElementSource.java:104)\n\tat com.codeborne.selenide.commands.Should.execute(Should.java:30)\n\tat com.codeborne.selenide.commands.Should.execute(Should.java:14)\n\tat com.codeborne.selenide.commands.Commands.execute(Commands.java:165)\n\tat com.codeborne.selenide.impl.SelenideElementProxy.dispatchAndRetry(SelenideElementProxy.java:132)\n\tat com.codeborne.selenide.impl.SelenideElementProxy.invoke(SelenideElementProxy.java:84)\n\t... 29 more\n","flaky":false,"newFailed":false,"newBroken":false,"newPassed":false,"retriesCount":5,"retriesStatusChange":true,"beforeStages":[{"name":"setUp","time":{"start":1716315598991,"stop":1716315598991,"duration":0},"description":"","status":"passed","steps":[],"attachments":[],"parameters":[],"shouldDisplayMessage":false,"stepsCount":0,"attachmentsCount":0,"hasContent":false,"attachmentStep":false},{"name":"openModal","time":{"start":1716315608259,"stop":1716315608351,"duration":92},"description":"","status":"passed","steps":[{"name":"Click on the button containing text \"Tạo đơn hàng\"","time":{"start":1716315608260,"stop":1716315608336,"duration":76},"status":"passed","steps":[],"attachments":[],"parameters":[{"name":"text","value":"Tạo đơn hàng"}],"shouldDisplayMessage":false,"stepsCount":0,"attachmentsCount":0,"hasContent":true,"attachmentStep":false},{"name":"Wait until a modal with title \"Tạo đơn nhập hàng\" is visible","time":{"start":1716315608337,"stop":1716315608351,"duration":14},"status":"passed","steps":[{"name":"Wait for the element By.xpath: //h2[contains(text(),'Tạo đơn nhập hàng')]/ancestor::div[contains(@class, 'Polaris-Modal-Dialog__Modal')] to be visible","time":{"start":1716315608337,"stop":1716315608351,"duration":14},"status":"passed","steps":[],"attachments":[],"parameters":[{"name":"by","value":"By.xpath: //h2[contains(text(),'Tạo đơn nhập hàng')]/ancestor::div[contains(@class, 'Polaris-Modal-Dialog__Modal')]"}],"shouldDisplayMessage":false,"stepsCount":0,"attachmentsCount":0,"hasContent":true,"attachmentStep":false}],"attachments":[],"parameters":[{"name":"title","value":"Tạo đơn nhập hàng"}],"shouldDisplayMessage":false,"stepsCount":1,"attachmentsCount":0,"hasContent":true,"attachmentStep":false}],"attachments":[],"parameters":[],"shouldDisplayMessage":false,"stepsCount":3,"attachmentsCount":0,"hasContent":true,"attachmentStep":false}],"testStage":{"status":"failed","statusMessage":"UnhandledAlertException: unexpected alert open: {Alert text : Vui lòng điền đầy đủ thông tin}\nScreenshot: file:/Users/bbadmin/Documents/BB/pftesting/build/reports/tests/org/example/pftesting/testcases/orders/CreateOrder/createOrder_invalidData_defaultProductData/1716315612949.8.png\nTimeout: 5 s.\nCaused by: UnhandledAlertException: unexpected alert open: {Alert text : Vui lòng điền đầy đủ thông tin}","statusTrace":"UnhandledAlertException: unexpected alert open: {Alert text : Vui lòng điền đầy đủ thông tin}\nScreenshot: file:/Users/bbadmin/Documents/BB/pftesting/build/reports/tests/org/example/pftesting/testcases/orders/CreateOrder/createOrder_invalidData_defaultProductData/1716315612949.8.png\nTimeout: 5 s.\nCaused by: UnhandledAlertException: unexpected alert open: {Alert text : Vui lòng điền đầy đủ thông tin}\n\tat com.codeborne.selenide.ex.UIAssertionError.wrapToUIAssertionError(UIAssertionError.java:131)\n\tat com.codeborne.selenide.ex.UIAssertionError.wrapThrowable(UIAssertionError.java:114)\n\tat com.codeborne.selenide.ex.UIAssertionError.wrap(UIAssertionError.java:108)\n\tat com.codeborne.selenide.impl.SelenideElementProxy.invoke(SelenideElementProxy.java:94)\n\tat jdk.proxy2/jdk.proxy2.$Proxy22.shouldBe(Unknown Source)\n\tat keywords.WebUI.assertModalIsOpen(WebUI.java:56)\n\tat org.example.pftesting.pages.orders.OrdersPage.addOrderProduct_defaultData(OrdersPage.java:100)\n\tat org.example.pftesting.testcases.orders.CreateOrder.createOrder_invalidData_defaultProductData(CreateOrder.java:54)\n\tat java.base/jdk.internal.reflect.DirectMethodHandleAccessor.invoke(DirectMethodHandleAccessor.java:103)\n\tat java.base/java.lang.reflect.Method.invoke(Method.java:580)\n\tat org.testng.internal.invokers.MethodInvocationHelper.invokeMethod(MethodInvocationHelper.java:139)\n\tat org.testng.internal.invokers.TestInvoker.invokeMethod(TestInvoker.java:677)\n\tat org.testng.internal.invokers.TestInvoker.invokeTestMethod(TestInvoker.java:221)\n\tat org.testng.internal.invokers.MethodRunner.runInSequence(MethodRunner.java:50)\n\tat org.testng.internal.invokers.TestInvoker$MethodInvocationAgent.invoke(TestInvoker.java:969)\n\tat org.testng.internal.invokers.TestInvoker.invokeTestMethods(TestInvoker.java:194)\n\tat org.testng.internal.invokers.TestMethodWorker.invokeTestMethods(TestMethodWorker.java:148)\n\tat org.testng.internal.invokers.TestMethodWorker.run(TestMethodWorker.java:128)\n\tat java.base/java.util.ArrayList.forEach(ArrayList.java:1596)\n\tat org.testng.TestRunner.privateRun(TestRunner.java:829)\n\tat org.testng.TestRunner.run(TestRunner.java:602)\n\tat org.testng.SuiteRunner.runTest(SuiteRunner.java:437)\n\tat org.testng.SuiteRunner.runSequentially(SuiteRunner.java:431)\n\tat org.testng.SuiteRunner.privateRun(SuiteRunner.java:391)\n\tat org.testng.SuiteRunner.run(SuiteRunner.java:330)\n\tat org.testng.SuiteRunnerWorker.runSuite(SuiteRunnerWorker.java:52)\n\tat org.testng.SuiteRunnerWorker.run(SuiteRunnerWorker.java:95)\n\tat org.testng.TestNG.runSuitesSequentially(TestNG.java:1256)\n\tat org.testng.TestNG.runSuitesLocally(TestNG.java:1176)\n\tat org.testng.TestNG.runSuites(TestNG.java:1099)\n\tat org.testng.TestNG.run(TestNG.java:1067)\n\tat com.intellij.rt.testng.IDEARemoteTestNG.run(IDEARemoteTestNG.java:65)\n\tat com.intellij.rt.testng.RemoteTestNGStarter.main(RemoteTestNGStarter.java:105)\nCaused by: org.openqa.selenium.UnhandledAlertException: unexpected alert open: {Alert text : Vui lòng điền đầy đủ thông tin}\n  (Session info: chrome=124.0.6367.208): Vui lòng điền đầy đủ thông tin\nBuild info: version: '4.13.0', revision: 'ba948ece5b*'\nSystem info: os.name: 'Mac OS X', os.arch: 'aarch64', os.version: '13.6', java.version: '21.0.2'\nDriver info: org.openqa.selenium.chrome.ChromeDriver\nCommand: [7137753af431145a269ba47090e1167b, findElement {using=xpath, value=//div[contains(@class, 'mall')]}]\nCapabilities {acceptInsecureCerts: true, browserName: chrome, browserVersion: 124.0.6367.208, chrome: {chromedriverVersion: 124.0.6367.207 (a9001a6e39f..., userDataDir: /var/folders/5l/cq9tq84s6b5...}, fedcm:accounts: true, goog:chromeOptions: {debuggerAddress: localhost:53231}, networkConnectionEnabled: false, pageLoadStrategy: normal, platformName: mac, proxy: Proxy(), se:cdp: ws://localhost:53231/devtoo..., se:cdpVersion: 124.0.6367.208, setWindowRect: true, strictFileInteractability: false, timeouts: {implicit: 0, pageLoad: 300000, script: 30000}, unhandledPromptBehavior: accept and notify, webauthn:extension:credBlob: true, webauthn:extension:largeBlob: true, webauthn:extension:minPinLength: true, webauthn:extension:prf: true, webauthn:virtualAuthenticators: true}\nSession ID: 7137753af431145a269ba47090e1167b\n\tat org.openqa.selenium.remote.codec.w3c.W3CHttpResponseCodec.decode(W3CHttpResponseCodec.java:131)\n\tat org.openqa.selenium.remote.codec.w3c.W3CHttpResponseCodec.decode(W3CHttpResponseCodec.java:52)\n\tat org.openqa.selenium.remote.HttpCommandExecutor.execute(HttpCommandExecutor.java:191)\n\tat org.openqa.selenium.remote.service.DriverCommandExecutor.invokeExecute(DriverCommandExecutor.java:196)\n\tat org.openqa.selenium.remote.service.DriverCommandExecutor.execute(DriverCommandExecutor.java:171)\n\tat org.openqa.selenium.remote.RemoteWebDriver.execute(RemoteWebDriver.java:602)\n\tat org.openqa.selenium.remote.ElementLocation$ElementFinder$2.findElement(ElementLocation.java:165)\n\tat org.openqa.selenium.remote.ElementLocation.findElement(ElementLocation.java:59)\n\tat org.openqa.selenium.remote.RemoteWebDriver.findElement(RemoteWebDriver.java:359)\n\tat org.openqa.selenium.remote.RemoteWebDriver.findElement(RemoteWebDriver.java:353)\n\tat com.codeborne.selenide.impl.WebElementSelector.findElement(WebElementSelector.java:70)\n\tat com.codeborne.selenide.impl.WebElementSelector.findElement(WebElementSelector.java:44)\n\tat com.codeborne.selenide.impl.WebElementSelector.findElement(WebElementSelector.java:33)\n\tat com.codeborne.selenide.impl.ElementFinder.getWebElement(ElementFinder.java:122)\n\tat com.codeborne.selenide.impl.WebElementSource.checkConditionAndReturnElement(WebElementSource.java:116)\n\tat com.codeborne.selenide.impl.WebElementSource.checkCondition(WebElementSource.java:104)\n\tat com.codeborne.selenide.commands.Should.execute(Should.java:30)\n\tat com.codeborne.selenide.commands.Should.execute(Should.java:14)\n\tat com.codeborne.selenide.commands.Commands.execute(Commands.java:165)\n\tat com.codeborne.selenide.impl.SelenideElementProxy.dispatchAndRetry(SelenideElementProxy.java:132)\n\tat com.codeborne.selenide.impl.SelenideElementProxy.invoke(SelenideElementProxy.java:84)\n\t... 29 more\n","steps":[{"name":"Click on the element By.id: add-order-product-btn","time":{"start":1716315610296,"stop":1716315610355,"duration":59},"status":"passed","steps":[{"name":"Wait for the element By.id: add-order-product-btn to be visible","time":{"start":1716315610296,"stop":1716315610312,"duration":16},"status":"passed","steps":[],"attachments":[],"parameters":[{"name":"by","value":"By.id: add-order-product-btn"}],"shouldDisplayMessage":false,"stepsCount":0,"attachmentsCount":0,"hasContent":true,"attachmentStep":false}],"attachments":[],"parameters":[{"name":"by","value":"By.id: add-order-product-btn"}],"shouldDisplayMessage":false,"stepsCount":1,"attachmentsCount":0,"hasContent":true,"attachmentStep":false},{"name":"Wait until a modal with title \"Thêm Mặt Hàng\" is visible","time":{"start":1716315610355,"stop":1716315610368,"duration":13},"status":"passed","steps":[{"name":"Wait for the element By.xpath: //h2[contains(text(),'Thêm Mặt Hàng')]/ancestor::div[contains(@class, 'Polaris-Modal-Dialog__Modal')] to be visible","time":{"start":1716315610355,"stop":1716315610368,"duration":13},"status":"passed","steps":[],"attachments":[],"parameters":[{"name":"by","value":"By.xpath: //h2[contains(text(),'Thêm Mặt Hàng')]/ancestor::div[contains(@class, 'Polaris-Modal-Dialog__Modal')]"}],"shouldDisplayMessage":false,"stepsCount":0,"attachmentsCount":0,"hasContent":true,"attachmentStep":false}],"attachments":[],"parameters":[{"name":"title","value":"Thêm Mặt Hàng"}],"shouldDisplayMessage":false,"stepsCount":1,"attachmentsCount":0,"hasContent":true,"attachmentStep":false},{"name":"Click on the element By.id: add-order-product-btn","time":{"start":1716315610368,"stop":1716315610403,"duration":35},"status":"passed","steps":[{"name":"Wait for the element By.id: add-order-product-btn to be visible","time":{"start":1716315610368,"stop":1716315610377,"duration":9},"status":"passed","steps":[],"attachments":[],"parameters":[{"name":"by","value":"By.id: add-order-product-btn"}],"shouldDisplayMessage":false,"stepsCount":0,"attachmentsCount":0,"hasContent":true,"attachmentStep":false}],"attachments":[],"parameters":[{"name":"by","value":"By.id: add-order-product-btn"}],"shouldDisplayMessage":false,"stepsCount":1,"attachmentsCount":0,"hasContent":true,"attachmentStep":false},{"name":"Wait until a modal with title \"Thêm Mặt Hàng\" is visible","time":{"start":1716315610404,"stop":1716315610419,"duration":15},"status":"passed","steps":[{"name":"Wait for the element By.xpath: //h2[contains(text(),'Thêm Mặt Hàng')]/ancestor::div[contains(@class, 'Polaris-Modal-Dialog__Modal')] to be visible","time":{"start":1716315610404,"stop":1716315610419,"duration":15},"status":"passed","steps":[],"attachments":[],"parameters":[{"name":"by","value":"By.xpath: //h2[contains(text(),'Thêm Mặt Hàng')]/ancestor::div[contains(@class, 'Polaris-Modal-Dialog__Modal')]"}],"shouldDisplayMessage":false,"stepsCount":0,"attachmentsCount":0,"hasContent":true,"attachmentStep":false}],"attachments":[],"parameters":[{"name":"title","value":"Thêm Mặt Hàng"}],"shouldDisplayMessage":false,"stepsCount":1,"attachmentsCount":0,"hasContent":true,"attachmentStep":false},{"name":"Click on the button containing text \"Thêm\"","time":{"start":1716315612871,"stop":1716315612944,"duration":73},"status":"passed","steps":[],"attachments":[],"parameters":[{"name":"text","value":"Thêm"}],"shouldDisplayMessage":false,"stepsCount":0,"attachmentsCount":0,"hasContent":true,"attachmentStep":false},{"name":"Assert that the modal located by By.xpath: //div[contains(@class, 'mall')] is open","time":{"start":1716315612944,"stop":1716315613119,"duration":175},"status":"failed","statusMessage":"UnhandledAlertException: unexpected alert open: {Alert text : Vui lòng điền đầy đủ thông tin}\nScreenshot: file:/Users/bbadmin/Documents/BB/pftesting/build/reports/tests/org/example/pftesting/testcases/orders/CreateOrder/createOrder_invalidData_defaultProductData/1716315612949.8.png\nTimeout: 5 s.\nCaused by: UnhandledAlertException: unexpected alert open: {Alert text : Vui lòng điền đầy đủ thông tin}","statusTrace":"UnhandledAlertException: unexpected alert open: {Alert text : Vui lòng điền đầy đủ thông tin}\nScreenshot: file:/Users/bbadmin/Documents/BB/pftesting/build/reports/tests/org/example/pftesting/testcases/orders/CreateOrder/createOrder_invalidData_defaultProductData/1716315612949.8.png\nTimeout: 5 s.\nCaused by: UnhandledAlertException: unexpected alert open: {Alert text : Vui lòng điền đầy đủ thông tin}\n\tat com.codeborne.selenide.ex.UIAssertionError.wrapToUIAssertionError(UIAssertionError.java:131)\n\tat com.codeborne.selenide.ex.UIAssertionError.wrapThrowable(UIAssertionError.java:114)\n\tat com.codeborne.selenide.ex.UIAssertionError.wrap(UIAssertionError.java:108)\n\tat com.codeborne.selenide.impl.SelenideElementProxy.invoke(SelenideElementProxy.java:94)\n\tat jdk.proxy2/jdk.proxy2.$Proxy22.shouldBe(Unknown Source)\n\tat keywords.WebUI.assertModalIsOpen(WebUI.java:56)\n\tat org.example.pftesting.pages.orders.OrdersPage.addOrderProduct_defaultData(OrdersPage.java:100)\n\tat org.example.pftesting.testcases.orders.CreateOrder.createOrder_invalidData_defaultProductData(CreateOrder.java:54)\n\tat java.base/jdk.internal.reflect.DirectMethodHandleAccessor.invoke(DirectMethodHandleAccessor.java:103)\n\tat java.base/java.lang.reflect.Method.invoke(Method.java:580)\n\tat org.testng.internal.invokers.MethodInvocationHelper.invokeMethod(MethodInvocationHelper.java:139)\n\tat org.testng.internal.invokers.TestInvoker.invokeMethod(TestInvoker.java:677)\n\tat org.testng.internal.invokers.TestInvoker.invokeTestMethod(TestInvoker.java:221)\n\tat org.testng.internal.invokers.MethodRunner.runInSequence(MethodRunner.java:50)\n\tat org.testng.internal.invokers.TestInvoker$MethodInvocationAgent.invoke(TestInvoker.java:969)\n\tat org.testng.internal.invokers.TestInvoker.invokeTestMethods(TestInvoker.java:194)\n\tat org.testng.internal.invokers.TestMethodWorker.invokeTestMethods(TestMethodWorker.java:148)\n\tat org.testng.internal.invokers.TestMethodWorker.run(TestMethodWorker.java:128)\n\tat java.base/java.util.ArrayList.forEach(ArrayList.java:1596)\n\tat org.testng.TestRunner.privateRun(TestRunner.java:829)\n\tat org.testng.TestRunner.run(TestRunner.java:602)\n\tat org.testng.SuiteRunner.runTest(SuiteRunner.java:437)\n\tat org.testng.SuiteRunner.runSequentially(SuiteRunner.java:431)\n\tat org.testng.SuiteRunner.privateRun(SuiteRunner.java:391)\n\tat org.testng.SuiteRunner.run(SuiteRunner.java:330)\n\tat org.testng.SuiteRunnerWorker.runSuite(SuiteRunnerWorker.java:52)\n\tat org.testng.SuiteRunnerWorker.run(SuiteRunnerWorker.java:95)\n\tat org.testng.TestNG.runSuitesSequentially(TestNG.java:1256)\n\tat org.testng.TestNG.runSuitesLocally(TestNG.java:1176)\n\tat org.testng.TestNG.runSuites(TestNG.java:1099)\n\tat org.testng.TestNG.run(TestNG.java:1067)\n\tat com.intellij.rt.testng.IDEARemoteTestNG.run(IDEARemoteTestNG.java:65)\n\tat com.intellij.rt.testng.RemoteTestNGStarter.main(RemoteTestNGStarter.java:105)\nCaused by: org.openqa.selenium.UnhandledAlertException: unexpected alert open: {Alert text : Vui lòng điền đầy đủ thông tin}\n  (Session info: chrome=124.0.6367.208): Vui lòng điền đầy đủ thông tin\nBuild info: version: '4.13.0', revision: 'ba948ece5b*'\nSystem info: os.name: 'Mac OS X', os.arch: 'aarch64', os.version: '13.6', java.version: '21.0.2'\nDriver info: org.openqa.selenium.chrome.ChromeDriver\nCommand: [7137753af431145a269ba47090e1167b, findElement {using=xpath, value=//div[contains(@class, 'mall')]}]\nCapabilities {acceptInsecureCerts: true, browserName: chrome, browserVersion: 124.0.6367.208, chrome: {chromedriverVersion: 124.0.6367.207 (a9001a6e39f..., userDataDir: /var/folders/5l/cq9tq84s6b5...}, fedcm:accounts: true, goog:chromeOptions: {debuggerAddress: localhost:53231}, networkConnectionEnabled: false, pageLoadStrategy: normal, platformName: mac, proxy: Proxy(), se:cdp: ws://localhost:53231/devtoo..., se:cdpVersion: 124.0.6367.208, setWindowRect: true, strictFileInteractability: false, timeouts: {implicit: 0, pageLoad: 300000, script: 30000}, unhandledPromptBehavior: accept and notify, webauthn:extension:credBlob: true, webauthn:extension:largeBlob: true, webauthn:extension:minPinLength: true, webauthn:extension:prf: true, webauthn:virtualAuthenticators: true}\nSession ID: 7137753af431145a269ba47090e1167b\n\tat org.openqa.selenium.remote.codec.w3c.W3CHttpResponseCodec.decode(W3CHttpResponseCodec.java:131)\n\tat org.openqa.selenium.remote.codec.w3c.W3CHttpResponseCodec.decode(W3CHttpResponseCodec.java:52)\n\tat org.openqa.selenium.remote.HttpCommandExecutor.execute(HttpCommandExecutor.java:191)\n\tat org.openqa.selenium.remote.service.DriverCommandExecutor.invokeExecute(DriverCommandExecutor.java:196)\n\tat org.openqa.selenium.remote.service.DriverCommandExecutor.execute(DriverCommandExecutor.java:171)\n\tat org.openqa.selenium.remote.RemoteWebDriver.execute(RemoteWebDriver.java:602)\n\tat org.openqa.selenium.remote.ElementLocation$ElementFinder$2.findElement(ElementLocation.java:165)\n\tat org.openqa.selenium.remote.ElementLocation.findElement(ElementLocation.java:59)\n\tat org.openqa.selenium.remote.RemoteWebDriver.findElement(RemoteWebDriver.java:359)\n\tat org.openqa.selenium.remote.RemoteWebDriver.findElement(RemoteWebDriver.java:353)\n\tat com.codeborne.selenide.impl.WebElementSelector.findElement(WebElementSelector.java:70)\n\tat com.codeborne.selenide.impl.WebElementSelector.findElement(WebElementSelector.java:44)\n\tat com.codeborne.selenide.impl.WebElementSelector.findElement(WebElementSelector.java:33)\n\tat com.codeborne.selenide.impl.ElementFinder.getWebElement(ElementFinder.java:122)\n\tat com.codeborne.selenide.impl.WebElementSource.checkConditionAndReturnElement(WebElementSource.java:116)\n\tat com.codeborne.selenide.impl.WebElementSource.checkCondition(WebElementSource.java:104)\n\tat com.codeborne.selenide.commands.Should.execute(Should.java:30)\n\tat com.codeborne.selenide.commands.Should.execute(Should.java:14)\n\tat com.codeborne.selenide.commands.Commands.execute(Commands.java:165)\n\tat com.codeborne.selenide.impl.SelenideElementProxy.dispatchAndRetry(SelenideElementProxy.java:132)\n\tat com.codeborne.selenide.impl.SelenideElementProxy.invoke(SelenideElementProxy.java:84)\n\t... 29 more\n","steps":[],"attachments":[],"parameters":[{"name":"modalBy","value":"By.xpath: //div[contains(@class, 'mall')]"}],"shouldDisplayMessage":true,"stepsCount":0,"attachmentsCount":0,"hasContent":true,"attachmentStep":false}],"attachments":[],"parameters":[],"shouldDisplayMessage":false,"stepsCount":10,"attachmentsCount":0,"hasContent":true,"attachmentStep":false},"afterStages":[{"name":"attachScreenshotOnFailure","time":{"start":1716315613125,"stop":1716315613304,"duration":179},"description":"","status":"passed","steps":[],"attachments":[{"uid":"c88f7d272231cd38","name":"screenshot","source":"c88f7d272231cd38.png","type":"image/png","size":224748}],"parameters":[],"shouldDisplayMessage":false,"stepsCount":0,"attachmentsCount":1,"hasContent":true,"attachmentStep":false}],"labels":[{"name":"package","value":"org.example.pftesting.testcases.orders.CreateOrder"},{"name":"testClass","value":"org.example.pftesting.testcases.orders.CreateOrder"},{"name":"testMethod","value":"createOrder_invalidData_defaultProductData"},{"name":"parentSuite","value":"All Test Suite"},{"name":"suite","value":"/Users/bbadmin/Documents/BB/pftesting/src/test/java/org/example/pftesting/testcases"},{"name":"subSuite","value":"org.example.pftesting.testcases.orders.CreateOrder"},{"name":"host","value":"MacBook-Pro-cua-quynhniee.local"},{"name":"thread","value":"32121@MacBook-Pro-cua-quynhniee.local.main(1)"},{"name":"framework","value":"testng"},{"name":"language","value":"java"},{"name":"resultFormat","value":"allure2"}],"parameters":[],"links":[],"hidden":false,"retry":false,"extra":{"severity":"normal","retries":[{"uid":"560d01e583529756","status":"failed","statusDetails":"UnhandledAlertException: unexpected alert open: {Alert text : Vui lòng điền đầy đủ thông tin}\nTimeout: 5 s.\nCaused by: UnhandledAlertException: unexpected alert open: {Alert text : Vui lòng điền đầy đủ thông tin}","time":{"start":1716315319457,"stop":1716315322321,"duration":2864}},{"uid":"ac3ba60c98bc8191","status":"failed","statusDetails":"Element not found {By.id: price--inputError}\nExpected: exist\nScreenshot: file:/Users/bbadmin/Documents/BB/pftesting/build/reports/tests/org/example/pftesting/testcases/orders/CreateOrder/createOrder_invalidData_defaultProductData/1716315278775.8.png\nTimeout: 5 s.\nCaused by: NoSuchElementException: no such element: Unable to locate element: {\"method\":\"css selector\",\"selector\":\"#price\\-\\-inputError\"}","time":{"start":1716315270928,"stop":1716315278962,"duration":8034}},{"uid":"e1f99c6d4c9a1aa6","status":"failed","statusDetails":"UnhandledAlertException: unexpected alert open: {Alert text : Vui lòng điền đầy đủ thông tin}\nScreenshot: file:/Users/bbadmin/Documents/BB/pftesting/build/reports/tests/org/example/pftesting/testcases/orders/CreateOrder/createOrder_invalidData_defaultProductData/1716315067588.8.png\nTimeout: 5 s.\nCaused by: UnhandledAlertException: unexpected alert open: {Alert text : Vui lòng điền đầy đủ thông tin}","time":{"start":1716315065145,"stop":1716315067753,"duration":2608}},{"uid":"988815a93da2c59c","status":"failed","statusDetails":"UnhandledAlertException: unexpected alert open: {Alert text : Vui lòng điền đầy đủ thông tin}\nScreenshot: file:/Users/bbadmin/Documents/BB/pftesting/build/reports/tests/org/example/pftesting/testcases/orders/CreateOrder/createOrder_invalidData_defaultProductData/1716314798293.8.png\nTimeout: 5 s.\nCaused by: UnhandledAlertException: unexpected alert open: {Alert text : Vui lòng điền đầy đủ thông tin}","time":{"start":1716314795854,"stop":1716314798459,"duration":2605}},{"uid":"3c8d7c75d2d8ba98","status":"skipped","statusDetails":"Element not found {By.xpath: //h2[contains(text(),'Tạo đơn nhập hàng')]/ancestor::div[contains(@class, 'Polaris-Modal-Dialog__Modal')]}\nExpected: exist\nScreenshot: file:/Users/bbadmin/Documents/BB/pftesting/build/reports/tests/1716314726997.5.png\nTimeout: 5 s.\nCaused by: NoSuchElementException: no such element: Unable to locate element: {\"method\":\"xpath\",\"selector\":\"//h2[contains(text(),'Tạo đơn nhập hàng')]/ancestor::div[contains(@class, 'Polaris-Modal-Dialog__Modal')]\"}","time":{"start":1716314727238,"stop":1716314727239,"duration":1}}],"categories":[{"name":"Product defects","matchedStatuses":[],"flaky":false}],"history":{"statistic":{"failed":2,"broken":0,"skipped":0,"passed":0,"unknown":0,"total":2},"items":[{"uid":"2965d982e6fa7d87","reportUrl":"https://quynhniee.github.io/20SQA.AUTOMATION/4//#testresult/2965d982e6fa7d87","status":"failed","statusDetails":"Element not found {By.id: price--inputError}\nExpected: exist\nScreenshot: file:/Users/bbadmin/Documents/BB/pftesting/build/reports/tests/org/example/pftesting/testcases/orders/CreateOrder/createOrder_invalidData_defaultProductData/1714555704790.2.png\nTimeout: 5 s.\nCaused by: NoSuchElementException: no such element: Unable to locate element: {\"method\":\"css selector\",\"selector\":\"#price\\-\\-inputError\"}","time":{"start":1714555697620,"stop":1714555704975,"duration":7355}}]},"tags":[]},"source":"8b8dd2df7313db18.json","parameterValues":[]}