{"uid":"c1d1d8c7aed69ff9","name":"Thêm sản phẩm vào đơn hàng với giá trống","fullName":"org.example.pftesting.testcases.orders.CreateOrder.createOrder_invalidData_emptyProductPrice","historyId":"70455e786eca1169bd2a0472051eecec","time":{"start":1714555710898,"stop":1714555716648,"duration":5750},"status":"failed","statusMessage":"Element not found {By.id: price--inputError}\nExpected: exist\nScreenshot: file:/Users/bbadmin/Documents/BB/pftesting/build/reports/tests/org/example/pftesting/testcases/orders/CreateOrder/createOrder_invalidData_emptyProductPrice/1714555716277.4.png\nTimeout: 5 s.\nCaused by: NoSuchElementException: no such element: Unable to locate element: {\"method\":\"css selector\",\"selector\":\"#price\\-\\-inputError\"}","statusTrace":"Element not found {By.id: price--inputError}\nExpected: exist\nScreenshot: file:/Users/bbadmin/Documents/BB/pftesting/build/reports/tests/org/example/pftesting/testcases/orders/CreateOrder/createOrder_invalidData_emptyProductPrice/1714555716277.4.png\nTimeout: 5 s.\nCaused by: NoSuchElementException: no such element: Unable to locate element: {\"method\":\"css selector\",\"selector\":\"#price\\-\\-inputError\"}\n\tat com.codeborne.selenide.impl.WebElementSource.createElementNotFoundError(WebElementSource.java:91)\n\tat com.codeborne.selenide.impl.ElementFinder.createElementNotFoundError(ElementFinder.java:142)\n\tat com.codeborne.selenide.impl.ExceptionWrapper.wrap(ExceptionWrapper.java:32)\n\tat com.codeborne.selenide.impl.SelenideElementProxy.dispatchAndRetry(SelenideElementProxy.java:154)\n\tat com.codeborne.selenide.impl.SelenideElementProxy.invoke(SelenideElementProxy.java:84)\n\tat jdk.proxy2/jdk.proxy2.$Proxy22.getText(Unknown Source)\n\tat keywords.WebUI.assertInputHasErrorText(WebUI.java:109)\n\tat org.example.pftesting.pages.orders.OrdersPage.addOrderProduct_emptyProductPrice(OrdersPage.java:122)\n\tat org.example.pftesting.testcases.orders.CreateOrder.createOrder_invalidData_emptyProductPrice(CreateOrder.java:96)\n\tat java.base/jdk.internal.reflect.DirectMethodHandleAccessor.invoke(DirectMethodHandleAccessor.java:103)\n\tat java.base/java.lang.reflect.Method.invoke(Method.java:580)\n\tat org.testng.internal.invokers.MethodInvocationHelper.invokeMethod(MethodInvocationHelper.java:139)\n\tat org.testng.internal.invokers.TestInvoker.invokeMethod(TestInvoker.java:677)\n\tat org.testng.internal.invokers.TestInvoker.invokeTestMethod(TestInvoker.java:221)\n\tat org.testng.internal.invokers.MethodRunner.runInSequence(MethodRunner.java:50)\n\tat org.testng.internal.invokers.TestInvoker$MethodInvocationAgent.invoke(TestInvoker.java:969)\n\tat org.testng.internal.invokers.TestInvoker.invokeTestMethods(TestInvoker.java:194)\n\tat org.testng.internal.invokers.TestMethodWorker.invokeTestMethods(TestMethodWorker.java:148)\n\tat org.testng.internal.invokers.TestMethodWorker.run(TestMethodWorker.java:128)\n\tat java.base/java.util.ArrayList.forEach(ArrayList.java:1596)\n\tat org.testng.TestRunner.privateRun(TestRunner.java:829)\n\tat org.testng.TestRunner.run(TestRunner.java:602)\n\tat org.testng.SuiteRunner.runTest(SuiteRunner.java:437)\n\tat org.testng.SuiteRunner.runSequentially(SuiteRunner.java:431)\n\tat org.testng.SuiteRunner.privateRun(SuiteRunner.java:391)\n\tat org.testng.SuiteRunner.run(SuiteRunner.java:330)\n\tat org.testng.SuiteRunnerWorker.runSuite(SuiteRunnerWorker.java:52)\n\tat org.testng.SuiteRunnerWorker.run(SuiteRunnerWorker.java:95)\n\tat org.testng.TestNG.runSuitesSequentially(TestNG.java:1256)\n\tat org.testng.TestNG.runSuitesLocally(TestNG.java:1176)\n\tat org.testng.TestNG.runSuites(TestNG.java:1099)\n\tat org.testng.TestNG.run(TestNG.java:1067)\n\tat com.intellij.rt.testng.IDEARemoteTestNG.run(IDEARemoteTestNG.java:65)\n\tat com.intellij.rt.testng.RemoteTestNGStarter.main(RemoteTestNGStarter.java:105)\nCaused by: org.openqa.selenium.NoSuchElementException: no such element: Unable to locate element: {\"method\":\"css selector\",\"selector\":\"#price\\-\\-inputError\"}\n  (Session info: chrome=124.0.6367.93)\nFor documentation on this error, please visit: https://www.selenium.dev/documentation/webdriver/troubleshooting/errors#no-such-element-exception\nBuild info: version: '4.13.0', revision: 'ba948ece5b*'\nSystem info: os.name: 'Mac OS X', os.arch: 'aarch64', os.version: '13.6', java.version: '21.0.2'\nDriver info: org.openqa.selenium.chrome.ChromeDriver\nCommand: [f188634abd5dff8e7dc29a6ddc69f1af, findElement {using=id, value=price--inputError}]\nCapabilities {acceptInsecureCerts: true, browserName: chrome, browserVersion: 124.0.6367.93, chrome: {chromedriverVersion: 124.0.6367.91 (51df0e5e17a8..., userDataDir: /var/folders/5l/cq9tq84s6b5...}, fedcm:accounts: true, goog:chromeOptions: {debuggerAddress: localhost:49219}, networkConnectionEnabled: false, pageLoadStrategy: normal, platformName: mac, proxy: Proxy(), se:cdp: ws://localhost:49219/devtoo..., se:cdpVersion: 124.0.6367.93, setWindowRect: true, strictFileInteractability: false, timeouts: {implicit: 0, pageLoad: 300000, script: 30000}, unhandledPromptBehavior: accept, webauthn:extension:credBlob: true, webauthn:extension:largeBlob: true, webauthn:extension:minPinLength: true, webauthn:extension:prf: true, webauthn:virtualAuthenticators: true}\nSession ID: f188634abd5dff8e7dc29a6ddc69f1af\n\tat java.base/jdk.internal.reflect.DirectConstructorHandleAccessor.newInstance(DirectConstructorHandleAccessor.java:62)\n\tat java.base/java.lang.reflect.Constructor.newInstanceWithCaller(Constructor.java:502)\n\tat java.base/java.lang.reflect.Constructor.newInstance(Constructor.java:486)\n\tat org.openqa.selenium.remote.codec.w3c.W3CHttpResponseCodec.createException(W3CHttpResponseCodec.java:200)\n\tat org.openqa.selenium.remote.codec.w3c.W3CHttpResponseCodec.decode(W3CHttpResponseCodec.java:133)\n\tat org.openqa.selenium.remote.codec.w3c.W3CHttpResponseCodec.decode(W3CHttpResponseCodec.java:52)\n\tat org.openqa.selenium.remote.HttpCommandExecutor.execute(HttpCommandExecutor.java:191)\n\tat org.openqa.selenium.remote.service.DriverCommandExecutor.invokeExecute(DriverCommandExecutor.java:196)\n\tat org.openqa.selenium.remote.service.DriverCommandExecutor.execute(DriverCommandExecutor.java:171)\n\tat org.openqa.selenium.remote.RemoteWebDriver.execute(RemoteWebDriver.java:602)\n\tat org.openqa.selenium.remote.ElementLocation$ElementFinder$2.findElement(ElementLocation.java:165)\n\tat org.openqa.selenium.remote.ElementLocation.findElement(ElementLocation.java:59)\n\tat org.openqa.selenium.remote.RemoteWebDriver.findElement(RemoteWebDriver.java:359)\n\tat org.openqa.selenium.remote.RemoteWebDriver.findElement(RemoteWebDriver.java:353)\n\tat com.codeborne.selenide.impl.WebElementSelector.findElement(WebElementSelector.java:70)\n\tat com.codeborne.selenide.impl.WebElementSelector.findElement(WebElementSelector.java:44)\n\tat com.codeborne.selenide.impl.WebElementSelector.findElement(WebElementSelector.java:33)\n\tat com.codeborne.selenide.impl.ElementFinder.getWebElement(ElementFinder.java:122)\n\tat com.codeborne.selenide.commands.GetText.execute(GetText.java:29)\n\tat com.codeborne.selenide.commands.GetText.execute(GetText.java:13)\n\tat com.codeborne.selenide.commands.Commands.execute(Commands.java:165)\n\tat com.codeborne.selenide.impl.SelenideElementProxy.dispatchAndRetry(SelenideElementProxy.java:132)\n\t... 30 more\n","flaky":false,"newFailed":false,"newBroken":false,"newPassed":false,"retriesCount":0,"retriesStatusChange":false,"beforeStages":[{"name":"openModal","time":{"start":1714555696418,"stop":1714555696499,"duration":81},"description":"","status":"passed","steps":[{"name":"Click on the button containing text \"Tạo đơn hàng\"","time":{"start":1714555696418,"stop":1714555696488,"duration":70},"status":"passed","steps":[],"attachments":[],"parameters":[{"name":"text","value":"Tạo đơn hàng"}],"shouldDisplayMessage":false,"stepsCount":0,"attachmentsCount":0,"hasContent":true,"attachmentStep":false},{"name":"Wait until a modal with title \"Tạo đơn nhập hàng\" is visible","time":{"start":1714555696488,"stop":1714555696499,"duration":11},"status":"passed","steps":[{"name":"Wait for the element By.xpath: //h2[contains(text(),'Tạo đơn nhập hàng')]/ancestor::div[contains(@class, 'Polaris-Modal-Dialog__Modal')] to be visible","time":{"start":1714555696488,"stop":1714555696499,"duration":11},"status":"passed","steps":[],"attachments":[],"parameters":[{"name":"by","value":"By.xpath: //h2[contains(text(),'Tạo đơn nhập hàng')]/ancestor::div[contains(@class, 'Polaris-Modal-Dialog__Modal')]"}],"shouldDisplayMessage":false,"stepsCount":0,"attachmentsCount":0,"hasContent":true,"attachmentStep":false}],"attachments":[],"parameters":[{"name":"title","value":"Tạo đơn nhập hàng"}],"shouldDisplayMessage":false,"stepsCount":1,"attachmentsCount":0,"hasContent":true,"attachmentStep":false}],"attachments":[],"parameters":[],"shouldDisplayMessage":false,"stepsCount":3,"attachmentsCount":0,"hasContent":true,"attachmentStep":false}],"testStage":{"status":"failed","statusMessage":"Element not found {By.id: price--inputError}\nExpected: exist\nScreenshot: file:/Users/bbadmin/Documents/BB/pftesting/build/reports/tests/org/example/pftesting/testcases/orders/CreateOrder/createOrder_invalidData_emptyProductPrice/1714555716277.4.png\nTimeout: 5 s.\nCaused by: NoSuchElementException: no such element: Unable to locate element: {\"method\":\"css selector\",\"selector\":\"#price\\-\\-inputError\"}","statusTrace":"Element not found {By.id: price--inputError}\nExpected: exist\nScreenshot: file:/Users/bbadmin/Documents/BB/pftesting/build/reports/tests/org/example/pftesting/testcases/orders/CreateOrder/createOrder_invalidData_emptyProductPrice/1714555716277.4.png\nTimeout: 5 s.\nCaused by: NoSuchElementException: no such element: Unable to locate element: {\"method\":\"css selector\",\"selector\":\"#price\\-\\-inputError\"}\n\tat com.codeborne.selenide.impl.WebElementSource.createElementNotFoundError(WebElementSource.java:91)\n\tat com.codeborne.selenide.impl.ElementFinder.createElementNotFoundError(ElementFinder.java:142)\n\tat com.codeborne.selenide.impl.ExceptionWrapper.wrap(ExceptionWrapper.java:32)\n\tat com.codeborne.selenide.impl.SelenideElementProxy.dispatchAndRetry(SelenideElementProxy.java:154)\n\tat com.codeborne.selenide.impl.SelenideElementProxy.invoke(SelenideElementProxy.java:84)\n\tat jdk.proxy2/jdk.proxy2.$Proxy22.getText(Unknown Source)\n\tat keywords.WebUI.assertInputHasErrorText(WebUI.java:109)\n\tat org.example.pftesting.pages.orders.OrdersPage.addOrderProduct_emptyProductPrice(OrdersPage.java:122)\n\tat org.example.pftesting.testcases.orders.CreateOrder.createOrder_invalidData_emptyProductPrice(CreateOrder.java:96)\n\tat java.base/jdk.internal.reflect.DirectMethodHandleAccessor.invoke(DirectMethodHandleAccessor.java:103)\n\tat java.base/java.lang.reflect.Method.invoke(Method.java:580)\n\tat org.testng.internal.invokers.MethodInvocationHelper.invokeMethod(MethodInvocationHelper.java:139)\n\tat org.testng.internal.invokers.TestInvoker.invokeMethod(TestInvoker.java:677)\n\tat org.testng.internal.invokers.TestInvoker.invokeTestMethod(TestInvoker.java:221)\n\tat org.testng.internal.invokers.MethodRunner.runInSequence(MethodRunner.java:50)\n\tat org.testng.internal.invokers.TestInvoker$MethodInvocationAgent.invoke(TestInvoker.java:969)\n\tat org.testng.internal.invokers.TestInvoker.invokeTestMethods(TestInvoker.java:194)\n\tat org.testng.internal.invokers.TestMethodWorker.invokeTestMethods(TestMethodWorker.java:148)\n\tat org.testng.internal.invokers.TestMethodWorker.run(TestMethodWorker.java:128)\n\tat java.base/java.util.ArrayList.forEach(ArrayList.java:1596)\n\tat org.testng.TestRunner.privateRun(TestRunner.java:829)\n\tat org.testng.TestRunner.run(TestRunner.java:602)\n\tat org.testng.SuiteRunner.runTest(SuiteRunner.java:437)\n\tat org.testng.SuiteRunner.runSequentially(SuiteRunner.java:431)\n\tat org.testng.SuiteRunner.privateRun(SuiteRunner.java:391)\n\tat org.testng.SuiteRunner.run(SuiteRunner.java:330)\n\tat org.testng.SuiteRunnerWorker.runSuite(SuiteRunnerWorker.java:52)\n\tat org.testng.SuiteRunnerWorker.run(SuiteRunnerWorker.java:95)\n\tat org.testng.TestNG.runSuitesSequentially(TestNG.java:1256)\n\tat org.testng.TestNG.runSuitesLocally(TestNG.java:1176)\n\tat org.testng.TestNG.runSuites(TestNG.java:1099)\n\tat org.testng.TestNG.run(TestNG.java:1067)\n\tat com.intellij.rt.testng.IDEARemoteTestNG.run(IDEARemoteTestNG.java:65)\n\tat com.intellij.rt.testng.RemoteTestNGStarter.main(RemoteTestNGStarter.java:105)\nCaused by: org.openqa.selenium.NoSuchElementException: no such element: Unable to locate element: {\"method\":\"css selector\",\"selector\":\"#price\\-\\-inputError\"}\n  (Session info: chrome=124.0.6367.93)\nFor documentation on this error, please visit: https://www.selenium.dev/documentation/webdriver/troubleshooting/errors#no-such-element-exception\nBuild info: version: '4.13.0', revision: 'ba948ece5b*'\nSystem info: os.name: 'Mac OS X', os.arch: 'aarch64', os.version: '13.6', java.version: '21.0.2'\nDriver info: org.openqa.selenium.chrome.ChromeDriver\nCommand: [f188634abd5dff8e7dc29a6ddc69f1af, findElement {using=id, value=price--inputError}]\nCapabilities {acceptInsecureCerts: true, browserName: chrome, browserVersion: 124.0.6367.93, chrome: {chromedriverVersion: 124.0.6367.91 (51df0e5e17a8..., userDataDir: /var/folders/5l/cq9tq84s6b5...}, fedcm:accounts: true, goog:chromeOptions: {debuggerAddress: localhost:49219}, networkConnectionEnabled: false, pageLoadStrategy: normal, platformName: mac, proxy: Proxy(), se:cdp: ws://localhost:49219/devtoo..., se:cdpVersion: 124.0.6367.93, setWindowRect: true, strictFileInteractability: false, timeouts: {implicit: 0, pageLoad: 300000, script: 30000}, unhandledPromptBehavior: accept, webauthn:extension:credBlob: true, webauthn:extension:largeBlob: true, webauthn:extension:minPinLength: true, webauthn:extension:prf: true, webauthn:virtualAuthenticators: true}\nSession ID: f188634abd5dff8e7dc29a6ddc69f1af\n\tat java.base/jdk.internal.reflect.DirectConstructorHandleAccessor.newInstance(DirectConstructorHandleAccessor.java:62)\n\tat java.base/java.lang.reflect.Constructor.newInstanceWithCaller(Constructor.java:502)\n\tat java.base/java.lang.reflect.Constructor.newInstance(Constructor.java:486)\n\tat org.openqa.selenium.remote.codec.w3c.W3CHttpResponseCodec.createException(W3CHttpResponseCodec.java:200)\n\tat org.openqa.selenium.remote.codec.w3c.W3CHttpResponseCodec.decode(W3CHttpResponseCodec.java:133)\n\tat org.openqa.selenium.remote.codec.w3c.W3CHttpResponseCodec.decode(W3CHttpResponseCodec.java:52)\n\tat org.openqa.selenium.remote.HttpCommandExecutor.execute(HttpCommandExecutor.java:191)\n\tat org.openqa.selenium.remote.service.DriverCommandExecutor.invokeExecute(DriverCommandExecutor.java:196)\n\tat org.openqa.selenium.remote.service.DriverCommandExecutor.execute(DriverCommandExecutor.java:171)\n\tat org.openqa.selenium.remote.RemoteWebDriver.execute(RemoteWebDriver.java:602)\n\tat org.openqa.selenium.remote.ElementLocation$ElementFinder$2.findElement(ElementLocation.java:165)\n\tat org.openqa.selenium.remote.ElementLocation.findElement(ElementLocation.java:59)\n\tat org.openqa.selenium.remote.RemoteWebDriver.findElement(RemoteWebDriver.java:359)\n\tat org.openqa.selenium.remote.RemoteWebDriver.findElement(RemoteWebDriver.java:353)\n\tat com.codeborne.selenide.impl.WebElementSelector.findElement(WebElementSelector.java:70)\n\tat com.codeborne.selenide.impl.WebElementSelector.findElement(WebElementSelector.java:44)\n\tat com.codeborne.selenide.impl.WebElementSelector.findElement(WebElementSelector.java:33)\n\tat com.codeborne.selenide.impl.ElementFinder.getWebElement(ElementFinder.java:122)\n\tat com.codeborne.selenide.commands.GetText.execute(GetText.java:29)\n\tat com.codeborne.selenide.commands.GetText.execute(GetText.java:13)\n\tat com.codeborne.selenide.commands.Commands.execute(Commands.java:165)\n\tat com.codeborne.selenide.impl.SelenideElementProxy.dispatchAndRetry(SelenideElementProxy.java:132)\n\t... 30 more\n","steps":[{"name":"Click on the element By.id: add-order-product-btn","time":{"start":1714555710898,"stop":1714555710929,"duration":31},"status":"passed","steps":[{"name":"Wait for the element By.id: add-order-product-btn to be visible","time":{"start":1714555710898,"stop":1714555710906,"duration":8},"status":"passed","steps":[],"attachments":[],"parameters":[{"name":"by","value":"By.id: add-order-product-btn"}],"shouldDisplayMessage":false,"stepsCount":0,"attachmentsCount":0,"hasContent":true,"attachmentStep":false}],"attachments":[],"parameters":[{"name":"by","value":"By.id: add-order-product-btn"}],"shouldDisplayMessage":false,"stepsCount":1,"attachmentsCount":0,"hasContent":true,"attachmentStep":false},{"name":"Wait until a modal with title \"Thêm Mặt Hàng\" is visible","time":{"start":1714555710929,"stop":1714555710939,"duration":10},"status":"passed","steps":[{"name":"Wait for the element By.xpath: //h2[contains(text(),'Thêm Mặt Hàng')]/ancestor::div[contains(@class, 'Polaris-Modal-Dialog__Modal')] to be visible","time":{"start":1714555710929,"stop":1714555710939,"duration":10},"status":"passed","steps":[],"attachments":[],"parameters":[{"name":"by","value":"By.xpath: //h2[contains(text(),'Thêm Mặt Hàng')]/ancestor::div[contains(@class, 'Polaris-Modal-Dialog__Modal')]"}],"shouldDisplayMessage":false,"stepsCount":0,"attachmentsCount":0,"hasContent":true,"attachmentStep":false}],"attachments":[],"parameters":[{"name":"title","value":"Thêm Mặt Hàng"}],"shouldDisplayMessage":false,"stepsCount":1,"attachmentsCount":0,"hasContent":true,"attachmentStep":false},{"name":"Click on the element By.id: add-order-product-btn","time":{"start":1714555710939,"stop":1714555710969,"duration":30},"status":"passed","steps":[{"name":"Wait for the element By.id: add-order-product-btn to be visible","time":{"start":1714555710939,"stop":1714555710947,"duration":8},"status":"passed","steps":[],"attachments":[],"parameters":[{"name":"by","value":"By.id: add-order-product-btn"}],"shouldDisplayMessage":false,"stepsCount":0,"attachmentsCount":0,"hasContent":true,"attachmentStep":false}],"attachments":[],"parameters":[{"name":"by","value":"By.id: add-order-product-btn"}],"shouldDisplayMessage":false,"stepsCount":1,"attachmentsCount":0,"hasContent":true,"attachmentStep":false},{"name":"Wait until a modal with title \"Thêm Mặt Hàng\" is visible","time":{"start":1714555710969,"stop":1714555710977,"duration":8},"status":"passed","steps":[{"name":"Wait for the element By.xpath: //h2[contains(text(),'Thêm Mặt Hàng')]/ancestor::div[contains(@class, 'Polaris-Modal-Dialog__Modal')] to be visible","time":{"start":1714555710969,"stop":1714555710977,"duration":8},"status":"passed","steps":[],"attachments":[],"parameters":[{"name":"by","value":"By.xpath: //h2[contains(text(),'Thêm Mặt Hàng')]/ancestor::div[contains(@class, 'Polaris-Modal-Dialog__Modal')]"}],"shouldDisplayMessage":false,"stepsCount":0,"attachmentsCount":0,"hasContent":true,"attachmentStep":false}],"attachments":[],"parameters":[{"name":"title","value":"Thêm Mặt Hàng"}],"shouldDisplayMessage":false,"stepsCount":1,"attachmentsCount":0,"hasContent":true,"attachmentStep":false},{"name":"Clear and fill the input field By.id: quantity--input with value \"10\"","time":{"start":1714555710992,"stop":1714555711072,"duration":80},"status":"passed","steps":[{"name":"Wait for the element By.id: quantity--input to be visible","time":{"start":1714555710992,"stop":1714555711001,"duration":9},"status":"passed","steps":[],"attachments":[],"parameters":[{"name":"by","value":"By.id: quantity--input"}],"shouldDisplayMessage":false,"stepsCount":0,"attachmentsCount":0,"hasContent":true,"attachmentStep":false}],"attachments":[],"parameters":[{"name":"by","value":"By.id: quantity--input"},{"name":"value","value":"10"}],"shouldDisplayMessage":false,"stepsCount":1,"attachmentsCount":0,"hasContent":true,"attachmentStep":false},{"name":"Clear the input field By.id: price--input","time":{"start":1714555711072,"stop":1714555711104,"duration":32},"status":"passed","steps":[{"name":"Wait for the element By.id: price--input to be visible","time":{"start":1714555711072,"stop":1714555711079,"duration":7},"status":"passed","steps":[],"attachments":[],"parameters":[{"name":"by","value":"By.id: price--input"}],"shouldDisplayMessage":false,"stepsCount":0,"attachmentsCount":0,"hasContent":true,"attachmentStep":false}],"attachments":[],"parameters":[{"name":"by","value":"By.id: price--input"}],"shouldDisplayMessage":false,"stepsCount":1,"attachmentsCount":0,"hasContent":true,"attachmentStep":false},{"name":"Click on the button containing text \"Thêm\"","time":{"start":1714555711105,"stop":1714555711141,"duration":36},"status":"passed","steps":[],"attachments":[],"parameters":[{"name":"text","value":"Thêm"}],"shouldDisplayMessage":false,"stepsCount":0,"attachmentsCount":0,"hasContent":true,"attachmentStep":false},{"name":"Assert that the modal located by By.xpath: //div[contains(@class, 'mall')] is open","time":{"start":1714555711141,"stop":1714555711153,"duration":12},"status":"passed","steps":[],"attachments":[],"parameters":[{"name":"modalBy","value":"By.xpath: //div[contains(@class, 'mall')]"}],"shouldDisplayMessage":false,"stepsCount":0,"attachmentsCount":0,"hasContent":true,"attachmentStep":false},{"name":"Assert that the input field price--input has error text \"Giá nhập tối thiểu 1,000VNĐ\"","time":{"start":1714555711153,"stop":1714555716647,"duration":5494},"status":"failed","statusMessage":"Element not found {By.id: price--inputError}\nExpected: exist\nScreenshot: file:/Users/bbadmin/Documents/BB/pftesting/build/reports/tests/org/example/pftesting/testcases/orders/CreateOrder/createOrder_invalidData_emptyProductPrice/1714555716277.4.png\nTimeout: 5 s.\nCaused by: NoSuchElementException: no such element: Unable to locate element: {\"method\":\"css selector\",\"selector\":\"#price\\-\\-inputError\"}","statusTrace":"Element not found {By.id: price--inputError}\nExpected: exist\nScreenshot: file:/Users/bbadmin/Documents/BB/pftesting/build/reports/tests/org/example/pftesting/testcases/orders/CreateOrder/createOrder_invalidData_emptyProductPrice/1714555716277.4.png\nTimeout: 5 s.\nCaused by: NoSuchElementException: no such element: Unable to locate element: {\"method\":\"css selector\",\"selector\":\"#price\\-\\-inputError\"}\n\tat com.codeborne.selenide.impl.WebElementSource.createElementNotFoundError(WebElementSource.java:91)\n\tat com.codeborne.selenide.impl.ElementFinder.createElementNotFoundError(ElementFinder.java:142)\n\tat com.codeborne.selenide.impl.ExceptionWrapper.wrap(ExceptionWrapper.java:32)\n\tat com.codeborne.selenide.impl.SelenideElementProxy.dispatchAndRetry(SelenideElementProxy.java:154)\n\tat com.codeborne.selenide.impl.SelenideElementProxy.invoke(SelenideElementProxy.java:84)\n\tat jdk.proxy2/jdk.proxy2.$Proxy22.getText(Unknown Source)\n\tat keywords.WebUI.assertInputHasErrorText(WebUI.java:109)\n\tat org.example.pftesting.pages.orders.OrdersPage.addOrderProduct_emptyProductPrice(OrdersPage.java:122)\n\tat org.example.pftesting.testcases.orders.CreateOrder.createOrder_invalidData_emptyProductPrice(CreateOrder.java:96)\n\tat java.base/jdk.internal.reflect.DirectMethodHandleAccessor.invoke(DirectMethodHandleAccessor.java:103)\n\tat java.base/java.lang.reflect.Method.invoke(Method.java:580)\n\tat org.testng.internal.invokers.MethodInvocationHelper.invokeMethod(MethodInvocationHelper.java:139)\n\tat org.testng.internal.invokers.TestInvoker.invokeMethod(TestInvoker.java:677)\n\tat org.testng.internal.invokers.TestInvoker.invokeTestMethod(TestInvoker.java:221)\n\tat org.testng.internal.invokers.MethodRunner.runInSequence(MethodRunner.java:50)\n\tat org.testng.internal.invokers.TestInvoker$MethodInvocationAgent.invoke(TestInvoker.java:969)\n\tat org.testng.internal.invokers.TestInvoker.invokeTestMethods(TestInvoker.java:194)\n\tat org.testng.internal.invokers.TestMethodWorker.invokeTestMethods(TestMethodWorker.java:148)\n\tat org.testng.internal.invokers.TestMethodWorker.run(TestMethodWorker.java:128)\n\tat java.base/java.util.ArrayList.forEach(ArrayList.java:1596)\n\tat org.testng.TestRunner.privateRun(TestRunner.java:829)\n\tat org.testng.TestRunner.run(TestRunner.java:602)\n\tat org.testng.SuiteRunner.runTest(SuiteRunner.java:437)\n\tat org.testng.SuiteRunner.runSequentially(SuiteRunner.java:431)\n\tat org.testng.SuiteRunner.privateRun(SuiteRunner.java:391)\n\tat org.testng.SuiteRunner.run(SuiteRunner.java:330)\n\tat org.testng.SuiteRunnerWorker.runSuite(SuiteRunnerWorker.java:52)\n\tat org.testng.SuiteRunnerWorker.run(SuiteRunnerWorker.java:95)\n\tat org.testng.TestNG.runSuitesSequentially(TestNG.java:1256)\n\tat org.testng.TestNG.runSuitesLocally(TestNG.java:1176)\n\tat org.testng.TestNG.runSuites(TestNG.java:1099)\n\tat org.testng.TestNG.run(TestNG.java:1067)\n\tat com.intellij.rt.testng.IDEARemoteTestNG.run(IDEARemoteTestNG.java:65)\n\tat com.intellij.rt.testng.RemoteTestNGStarter.main(RemoteTestNGStarter.java:105)\nCaused by: org.openqa.selenium.NoSuchElementException: no such element: Unable to locate element: {\"method\":\"css selector\",\"selector\":\"#price\\-\\-inputError\"}\n  (Session info: chrome=124.0.6367.93)\nFor documentation on this error, please visit: https://www.selenium.dev/documentation/webdriver/troubleshooting/errors#no-such-element-exception\nBuild info: version: '4.13.0', revision: 'ba948ece5b*'\nSystem info: os.name: 'Mac OS X', os.arch: 'aarch64', os.version: '13.6', java.version: '21.0.2'\nDriver info: org.openqa.selenium.chrome.ChromeDriver\nCommand: [f188634abd5dff8e7dc29a6ddc69f1af, findElement {using=id, value=price--inputError}]\nCapabilities {acceptInsecureCerts: true, browserName: chrome, browserVersion: 124.0.6367.93, chrome: {chromedriverVersion: 124.0.6367.91 (51df0e5e17a8..., userDataDir: /var/folders/5l/cq9tq84s6b5...}, fedcm:accounts: true, goog:chromeOptions: {debuggerAddress: localhost:49219}, networkConnectionEnabled: false, pageLoadStrategy: normal, platformName: mac, proxy: Proxy(), se:cdp: ws://localhost:49219/devtoo..., se:cdpVersion: 124.0.6367.93, setWindowRect: true, strictFileInteractability: false, timeouts: {implicit: 0, pageLoad: 300000, script: 30000}, unhandledPromptBehavior: accept, webauthn:extension:credBlob: true, webauthn:extension:largeBlob: true, webauthn:extension:minPinLength: true, webauthn:extension:prf: true, webauthn:virtualAuthenticators: true}\nSession ID: f188634abd5dff8e7dc29a6ddc69f1af\n\tat java.base/jdk.internal.reflect.DirectConstructorHandleAccessor.newInstance(DirectConstructorHandleAccessor.java:62)\n\tat java.base/java.lang.reflect.Constructor.newInstanceWithCaller(Constructor.java:502)\n\tat java.base/java.lang.reflect.Constructor.newInstance(Constructor.java:486)\n\tat org.openqa.selenium.remote.codec.w3c.W3CHttpResponseCodec.createException(W3CHttpResponseCodec.java:200)\n\tat org.openqa.selenium.remote.codec.w3c.W3CHttpResponseCodec.decode(W3CHttpResponseCodec.java:133)\n\tat org.openqa.selenium.remote.codec.w3c.W3CHttpResponseCodec.decode(W3CHttpResponseCodec.java:52)\n\tat org.openqa.selenium.remote.HttpCommandExecutor.execute(HttpCommandExecutor.java:191)\n\tat org.openqa.selenium.remote.service.DriverCommandExecutor.invokeExecute(DriverCommandExecutor.java:196)\n\tat org.openqa.selenium.remote.service.DriverCommandExecutor.execute(DriverCommandExecutor.java:171)\n\tat org.openqa.selenium.remote.RemoteWebDriver.execute(RemoteWebDriver.java:602)\n\tat org.openqa.selenium.remote.ElementLocation$ElementFinder$2.findElement(ElementLocation.java:165)\n\tat org.openqa.selenium.remote.ElementLocation.findElement(ElementLocation.java:59)\n\tat org.openqa.selenium.remote.RemoteWebDriver.findElement(RemoteWebDriver.java:359)\n\tat org.openqa.selenium.remote.RemoteWebDriver.findElement(RemoteWebDriver.java:353)\n\tat com.codeborne.selenide.impl.WebElementSelector.findElement(WebElementSelector.java:70)\n\tat com.codeborne.selenide.impl.WebElementSelector.findElement(WebElementSelector.java:44)\n\tat com.codeborne.selenide.impl.WebElementSelector.findElement(WebElementSelector.java:33)\n\tat com.codeborne.selenide.impl.ElementFinder.getWebElement(ElementFinder.java:122)\n\tat com.codeborne.selenide.commands.GetText.execute(GetText.java:29)\n\tat com.codeborne.selenide.commands.GetText.execute(GetText.java:13)\n\tat com.codeborne.selenide.commands.Commands.execute(Commands.java:165)\n\tat com.codeborne.selenide.impl.SelenideElementProxy.dispatchAndRetry(SelenideElementProxy.java:132)\n\t... 30 more\n","steps":[],"attachments":[],"parameters":[{"name":"inputId","value":"price--input"},{"name":"expectedErrorText","value":"Giá nhập tối thiểu 1,000VNĐ"}],"shouldDisplayMessage":true,"stepsCount":0,"attachmentsCount":0,"hasContent":true,"attachmentStep":false}],"attachments":[],"parameters":[],"shouldDisplayMessage":false,"stepsCount":15,"attachmentsCount":0,"hasContent":true,"attachmentStep":false},"afterStages":[{"name":"attachScreenshotOnFailure","time":{"start":1714555716650,"stop":1714555716798,"duration":148},"description":"","status":"passed","steps":[],"attachments":[{"uid":"af5cd4082bed47f1","name":"screenshot","source":"af5cd4082bed47f1.png","type":"image/png","size":195996}],"parameters":[],"shouldDisplayMessage":false,"stepsCount":0,"attachmentsCount":1,"hasContent":true,"attachmentStep":false},{"name":"closeModal","time":{"start":1714555759852,"stop":1714555759917,"duration":65},"description":"","status":"passed","steps":[{"name":"Click on the button with text \"Hủy\" inside the modal {By.xpath: //h2[contains(text(),'Tạo đơn nhập hàng')]/ancestor::div[contains(@class, 'Polaris-Modal-Dialog__Modal')]}","time":{"start":1714555759852,"stop":1714555759911,"duration":59},"status":"passed","steps":[],"attachments":[],"parameters":[{"name":"modal","value":"{By.xpath: //h2[contains(text(),'Tạo đơn nhập hàng')]/ancestor::div[contains(@class, 'Polaris-Modal-Dialog__Modal')]}"},{"name":"buttonText","value":"Hủy"}],"shouldDisplayMessage":false,"stepsCount":0,"attachmentsCount":0,"hasContent":true,"attachmentStep":false},{"name":"Assert that the modal located by {By.xpath: //h2[contains(text(),'Tạo đơn nhập hàng')]/ancestor::div[contains(@class, 'Polaris-Modal-Dialog__Modal')]} is closed","time":{"start":1714555759911,"stop":1714555759917,"duration":6},"status":"passed","steps":[],"attachments":[],"parameters":[{"name":"modalBy","value":"{By.xpath: //h2[contains(text(),'Tạo đơn nhập hàng')]/ancestor::div[contains(@class, 'Polaris-Modal-Dialog__Modal')]}"}],"shouldDisplayMessage":false,"stepsCount":0,"attachmentsCount":0,"hasContent":true,"attachmentStep":false}],"attachments":[],"parameters":[],"shouldDisplayMessage":false,"stepsCount":2,"attachmentsCount":0,"hasContent":true,"attachmentStep":false}],"labels":[{"name":"package","value":"org.example.pftesting.testcases.orders.CreateOrder"},{"name":"testClass","value":"org.example.pftesting.testcases.orders.CreateOrder"},{"name":"testMethod","value":"createOrder_invalidData_emptyProductPrice"},{"name":"parentSuite","value":"Default Suite"},{"name":"suite","value":"pftesting"},{"name":"subSuite","value":"org.example.pftesting.testcases.orders.CreateOrder"},{"name":"host","value":"MacBook-Pro-cua-quynhniee.local"},{"name":"thread","value":"46350@MacBook-Pro-cua-quynhniee.local.main(1)"},{"name":"framework","value":"testng"},{"name":"language","value":"java"},{"name":"resultFormat","value":"allure2"}],"parameters":[],"links":[],"hidden":false,"retry":false,"extra":{"severity":"normal","retries":[],"categories":[{"name":"Product defects","matchedStatuses":[],"flaky":false}],"tags":[]},"source":"c1d1d8c7aed69ff9.json","parameterValues":[]}