{"uuid":"619a2415-2bdb-48c2-a25a-5cc266ac4528","historyId":"495b7de7e866ad261d737a4375c9f6b3","fullName":"org.example.pftesting.testcases.orders.CreateOrder.createOrder_invalidData_zeroProductQuantity","labels":[{"name":"package","value":"org.example.pftesting.testcases.orders.CreateOrder"},{"name":"testClass","value":"org.example.pftesting.testcases.orders.CreateOrder"},{"name":"testMethod","value":"createOrder_invalidData_zeroProductQuantity"},{"name":"parentSuite","value":"All Test Suite"},{"name":"suite","value":"/Users/bbadmin/Documents/BB/pftesting/src/test/java/org/example/pftesting/testcases"},{"name":"subSuite","value":"org.example.pftesting.testcases.orders.CreateOrder"},{"name":"host","value":"MacBook-Pro-cua-quynhniee.local"},{"name":"thread","value":"31296@MacBook-Pro-cua-quynhniee.local.main(1)"},{"name":"framework","value":"testng"},{"name":"language","value":"java"}],"links":[],"name":"Thêm sản phẩm vào đơn hàng với số lượng = 0","status":"failed","statusDetails":{"known":false,"muted":false,"flaky":false,"message":"UnhandledAlertException: unexpected alert open: {Alert text : Vui lòng điền đầy đủ thông tin}\nScreenshot: file:/Users/bbadmin/Documents/BB/pftesting/build/reports/tests/org/example/pftesting/testcases/orders/CreateOrder/createOrder_invalidData_zeroProductQuantity/1716314800358.11.png\nTimeout: 5 s.\nCaused by: UnhandledAlertException: unexpected alert open: {Alert text : Vui lòng điền đầy đủ thông tin}","trace":"UnhandledAlertException: unexpected alert open: {Alert text : Vui lòng điền đầy đủ thông tin}\nScreenshot: file:/Users/bbadmin/Documents/BB/pftesting/build/reports/tests/org/example/pftesting/testcases/orders/CreateOrder/createOrder_invalidData_zeroProductQuantity/1716314800358.11.png\nTimeout: 5 s.\nCaused by: UnhandledAlertException: unexpected alert open: {Alert text : Vui lòng điền đầy đủ thông tin}\n\tat com.codeborne.selenide.ex.UIAssertionError.wrapToUIAssertionError(UIAssertionError.java:131)\n\tat com.codeborne.selenide.ex.UIAssertionError.wrapThrowable(UIAssertionError.java:114)\n\tat com.codeborne.selenide.ex.UIAssertionError.wrap(UIAssertionError.java:108)\n\tat com.codeborne.selenide.impl.SelenideElementProxy.invoke(SelenideElementProxy.java:94)\n\tat jdk.proxy2/jdk.proxy2.$Proxy22.getText(Unknown Source)\n\tat keywords.WebUI.assertInputHasErrorText(WebUI.java:109)\n\tat org.example.pftesting.pages.orders.OrdersPage.addOrderProduct_zeroProductQuantity(OrdersPage.java:176)\n\tat org.example.pftesting.testcases.orders.CreateOrder.createOrder_invalidData_zeroProductQuantity(CreateOrder.java:75)\n\tat java.base/jdk.internal.reflect.DirectMethodHandleAccessor.invoke(DirectMethodHandleAccessor.java:103)\n\tat java.base/java.lang.reflect.Method.invoke(Method.java:580)\n\tat org.testng.internal.invokers.MethodInvocationHelper.invokeMethod(MethodInvocationHelper.java:139)\n\tat org.testng.internal.invokers.TestInvoker.invokeMethod(TestInvoker.java:677)\n\tat org.testng.internal.invokers.TestInvoker.invokeTestMethod(TestInvoker.java:221)\n\tat org.testng.internal.invokers.MethodRunner.runInSequence(MethodRunner.java:50)\n\tat org.testng.internal.invokers.TestInvoker$MethodInvocationAgent.invoke(TestInvoker.java:969)\n\tat org.testng.internal.invokers.TestInvoker.invokeTestMethods(TestInvoker.java:194)\n\tat org.testng.internal.invokers.TestMethodWorker.invokeTestMethods(TestMethodWorker.java:148)\n\tat org.testng.internal.invokers.TestMethodWorker.run(TestMethodWorker.java:128)\n\tat java.base/java.util.ArrayList.forEach(ArrayList.java:1596)\n\tat org.testng.TestRunner.privateRun(TestRunner.java:829)\n\tat org.testng.TestRunner.run(TestRunner.java:602)\n\tat org.testng.SuiteRunner.runTest(SuiteRunner.java:437)\n\tat org.testng.SuiteRunner.runSequentially(SuiteRunner.java:431)\n\tat org.testng.SuiteRunner.privateRun(SuiteRunner.java:391)\n\tat org.testng.SuiteRunner.run(SuiteRunner.java:330)\n\tat org.testng.SuiteRunnerWorker.runSuite(SuiteRunnerWorker.java:52)\n\tat org.testng.SuiteRunnerWorker.run(SuiteRunnerWorker.java:95)\n\tat org.testng.TestNG.runSuitesSequentially(TestNG.java:1256)\n\tat org.testng.TestNG.runSuitesLocally(TestNG.java:1176)\n\tat org.testng.TestNG.runSuites(TestNG.java:1099)\n\tat org.testng.TestNG.run(TestNG.java:1067)\n\tat com.intellij.rt.testng.IDEARemoteTestNG.run(IDEARemoteTestNG.java:65)\n\tat com.intellij.rt.testng.RemoteTestNGStarter.main(RemoteTestNGStarter.java:105)\nCaused by: org.openqa.selenium.UnhandledAlertException: unexpected alert open: {Alert text : Vui lòng điền đầy đủ thông tin}\n  (Session info: chrome=124.0.6367.208): Vui lòng điền đầy đủ thông tin\nBuild info: version: '4.13.0', revision: 'ba948ece5b*'\nSystem info: os.name: 'Mac OS X', os.arch: 'aarch64', os.version: '13.6', java.version: '21.0.2'\nDriver info: org.openqa.selenium.chrome.ChromeDriver\nCommand: [85a342c08e12a0b51f34bb5507055d85, findElement {using=id, value=quantity--inputError}]\nCapabilities {acceptInsecureCerts: true, browserName: chrome, browserVersion: 124.0.6367.208, chrome: {chromedriverVersion: 124.0.6367.207 (a9001a6e39f..., userDataDir: /var/folders/5l/cq9tq84s6b5...}, fedcm:accounts: true, goog:chromeOptions: {debuggerAddress: localhost:50914}, networkConnectionEnabled: false, pageLoadStrategy: normal, platformName: mac, proxy: Proxy(), se:cdp: ws://localhost:50914/devtoo..., se:cdpVersion: 124.0.6367.208, setWindowRect: true, strictFileInteractability: false, timeouts: {implicit: 0, pageLoad: 300000, script: 30000}, unhandledPromptBehavior: accept and notify, webauthn:extension:credBlob: true, webauthn:extension:largeBlob: true, webauthn:extension:minPinLength: true, webauthn:extension:prf: true, webauthn:virtualAuthenticators: true}\nSession ID: 85a342c08e12a0b51f34bb5507055d85\n\tat org.openqa.selenium.remote.codec.w3c.W3CHttpResponseCodec.decode(W3CHttpResponseCodec.java:131)\n\tat org.openqa.selenium.remote.codec.w3c.W3CHttpResponseCodec.decode(W3CHttpResponseCodec.java:52)\n\tat org.openqa.selenium.remote.HttpCommandExecutor.execute(HttpCommandExecutor.java:191)\n\tat org.openqa.selenium.remote.service.DriverCommandExecutor.invokeExecute(DriverCommandExecutor.java:196)\n\tat org.openqa.selenium.remote.service.DriverCommandExecutor.execute(DriverCommandExecutor.java:171)\n\tat org.openqa.selenium.remote.RemoteWebDriver.execute(RemoteWebDriver.java:602)\n\tat org.openqa.selenium.remote.ElementLocation$ElementFinder$2.findElement(ElementLocation.java:165)\n\tat org.openqa.selenium.remote.ElementLocation.findElement(ElementLocation.java:59)\n\tat org.openqa.selenium.remote.RemoteWebDriver.findElement(RemoteWebDriver.java:359)\n\tat org.openqa.selenium.remote.RemoteWebDriver.findElement(RemoteWebDriver.java:353)\n\tat com.codeborne.selenide.impl.WebElementSelector.findElement(WebElementSelector.java:70)\n\tat com.codeborne.selenide.impl.WebElementSelector.findElement(WebElementSelector.java:44)\n\tat com.codeborne.selenide.impl.WebElementSelector.findElement(WebElementSelector.java:33)\n\tat com.codeborne.selenide.impl.ElementFinder.getWebElement(ElementFinder.java:122)\n\tat com.codeborne.selenide.commands.GetText.execute(GetText.java:29)\n\tat com.codeborne.selenide.commands.GetText.execute(GetText.java:13)\n\tat com.codeborne.selenide.commands.Commands.execute(Commands.java:165)\n\tat com.codeborne.selenide.impl.SelenideElementProxy.dispatchAndRetry(SelenideElementProxy.java:132)\n\tat com.codeborne.selenide.impl.SelenideElementProxy.invoke(SelenideElementProxy.java:84)\n\t... 29 more\n"},"stage":"finished","steps":[{"name":"Click on the element By.id: add-order-product-btn","status":"passed","stage":"finished","steps":[{"name":"Wait for the element By.id: add-order-product-btn to be visible","status":"passed","stage":"finished","steps":[],"attachments":[],"parameters":[{"name":"by","value":"By.id: add-order-product-btn"}],"start":1716314799962,"stop":1716314799970}],"attachments":[],"parameters":[{"name":"by","value":"By.id: add-order-product-btn"}],"start":1716314799962,"stop":1716314799998},{"name":"Wait until a modal with title \"Thêm Mặt Hàng\" is visible","status":"passed","stage":"finished","steps":[{"name":"Wait for the element By.xpath: //h2[contains(text(),'Thêm Mặt Hàng')]/ancestor::div[contains(@class, 'Polaris-Modal-Dialog__Modal')] to be visible","status":"passed","stage":"finished","steps":[],"attachments":[],"parameters":[{"name":"by","value":"By.xpath: //h2[contains(text(),'Thêm Mặt Hàng')]/ancestor::div[contains(@class, 'Polaris-Modal-Dialog__Modal')]"}],"start":1716314799998,"stop":1716314800008}],"attachments":[],"parameters":[{"name":"title","value":"Thêm Mặt Hàng"}],"start":1716314799998,"stop":1716314800008},{"name":"Click on the element By.id: add-order-product-btn","status":"passed","stage":"finished","steps":[{"name":"Wait for the element By.id: add-order-product-btn to be visible","status":"passed","stage":"finished","steps":[],"attachments":[],"parameters":[{"name":"by","value":"By.id: add-order-product-btn"}],"start":1716314800009,"stop":1716314800017}],"attachments":[],"parameters":[{"name":"by","value":"By.id: add-order-product-btn"}],"start":1716314800008,"stop":1716314800042},{"name":"Wait until a modal with title \"Thêm Mặt Hàng\" is visible","status":"passed","stage":"finished","steps":[{"name":"Wait for the element By.xpath: //h2[contains(text(),'Thêm Mặt Hàng')]/ancestor::div[contains(@class, 'Polaris-Modal-Dialog__Modal')] to be visible","status":"passed","stage":"finished","steps":[],"attachments":[],"parameters":[{"name":"by","value":"By.xpath: //h2[contains(text(),'Thêm Mặt Hàng')]/ancestor::div[contains(@class, 'Polaris-Modal-Dialog__Modal')]"}],"start":1716314800042,"stop":1716314800052}],"attachments":[],"parameters":[{"name":"title","value":"Thêm Mặt Hàng"}],"start":1716314800042,"stop":1716314800052},{"name":"Clear and fill the input field By.id: quantity--input with value \"0\"","status":"passed","stage":"finished","steps":[{"name":"Wait for the element By.id: quantity--input to be visible","status":"passed","stage":"finished","steps":[],"attachments":[],"parameters":[{"name":"by","value":"By.id: quantity--input"}],"start":1716314800068,"stop":1716314800075}],"attachments":[],"parameters":[{"name":"by","value":"By.id: quantity--input"},{"name":"value","value":"0"}],"start":1716314800068,"stop":1716314800144},{"name":"Clear and fill the input field By.id: price--input with value \"1000\"","status":"passed","stage":"finished","steps":[{"name":"Wait for the element By.id: price--input to be visible","status":"passed","stage":"finished","steps":[],"attachments":[],"parameters":[{"name":"by","value":"By.id: price--input"}],"start":1716314800144,"stop":1716314800153}],"attachments":[],"parameters":[{"name":"by","value":"By.id: price--input"},{"name":"value","value":"1000"}],"start":1716314800144,"stop":1716314800305},{"name":"Click on the button containing text \"Thêm\"","status":"passed","stage":"finished","steps":[],"attachments":[],"parameters":[{"name":"text","value":"Thêm"}],"start":1716314800305,"stop":1716314800346},{"name":"Assert that the input field quantity--input has error text \"Số lượng tối thiểu là 1\"","status":"failed","statusDetails":{"known":false,"muted":false,"flaky":false,"message":"UnhandledAlertException: unexpected alert open: {Alert text : Vui lòng điền đầy đủ thông tin}\nScreenshot: file:/Users/bbadmin/Documents/BB/pftesting/build/reports/tests/org/example/pftesting/testcases/orders/CreateOrder/createOrder_invalidData_zeroProductQuantity/1716314800358.11.png\nTimeout: 5 s.\nCaused by: UnhandledAlertException: unexpected alert open: {Alert text : Vui lòng điền đầy đủ thông tin}","trace":"UnhandledAlertException: unexpected alert open: {Alert text : Vui lòng điền đầy đủ thông tin}\nScreenshot: file:/Users/bbadmin/Documents/BB/pftesting/build/reports/tests/org/example/pftesting/testcases/orders/CreateOrder/createOrder_invalidData_zeroProductQuantity/1716314800358.11.png\nTimeout: 5 s.\nCaused by: UnhandledAlertException: unexpected alert open: {Alert text : Vui lòng điền đầy đủ thông tin}\n\tat com.codeborne.selenide.ex.UIAssertionError.wrapToUIAssertionError(UIAssertionError.java:131)\n\tat com.codeborne.selenide.ex.UIAssertionError.wrapThrowable(UIAssertionError.java:114)\n\tat com.codeborne.selenide.ex.UIAssertionError.wrap(UIAssertionError.java:108)\n\tat com.codeborne.selenide.impl.SelenideElementProxy.invoke(SelenideElementProxy.java:94)\n\tat jdk.proxy2/jdk.proxy2.$Proxy22.getText(Unknown Source)\n\tat keywords.WebUI.assertInputHasErrorText(WebUI.java:109)\n\tat org.example.pftesting.pages.orders.OrdersPage.addOrderProduct_zeroProductQuantity(OrdersPage.java:176)\n\tat org.example.pftesting.testcases.orders.CreateOrder.createOrder_invalidData_zeroProductQuantity(CreateOrder.java:75)\n\tat java.base/jdk.internal.reflect.DirectMethodHandleAccessor.invoke(DirectMethodHandleAccessor.java:103)\n\tat java.base/java.lang.reflect.Method.invoke(Method.java:580)\n\tat org.testng.internal.invokers.MethodInvocationHelper.invokeMethod(MethodInvocationHelper.java:139)\n\tat org.testng.internal.invokers.TestInvoker.invokeMethod(TestInvoker.java:677)\n\tat org.testng.internal.invokers.TestInvoker.invokeTestMethod(TestInvoker.java:221)\n\tat org.testng.internal.invokers.MethodRunner.runInSequence(MethodRunner.java:50)\n\tat org.testng.internal.invokers.TestInvoker$MethodInvocationAgent.invoke(TestInvoker.java:969)\n\tat org.testng.internal.invokers.TestInvoker.invokeTestMethods(TestInvoker.java:194)\n\tat org.testng.internal.invokers.TestMethodWorker.invokeTestMethods(TestMethodWorker.java:148)\n\tat org.testng.internal.invokers.TestMethodWorker.run(TestMethodWorker.java:128)\n\tat java.base/java.util.ArrayList.forEach(ArrayList.java:1596)\n\tat org.testng.TestRunner.privateRun(TestRunner.java:829)\n\tat org.testng.TestRunner.run(TestRunner.java:602)\n\tat org.testng.SuiteRunner.runTest(SuiteRunner.java:437)\n\tat org.testng.SuiteRunner.runSequentially(SuiteRunner.java:431)\n\tat org.testng.SuiteRunner.privateRun(SuiteRunner.java:391)\n\tat org.testng.SuiteRunner.run(SuiteRunner.java:330)\n\tat org.testng.SuiteRunnerWorker.runSuite(SuiteRunnerWorker.java:52)\n\tat org.testng.SuiteRunnerWorker.run(SuiteRunnerWorker.java:95)\n\tat org.testng.TestNG.runSuitesSequentially(TestNG.java:1256)\n\tat org.testng.TestNG.runSuitesLocally(TestNG.java:1176)\n\tat org.testng.TestNG.runSuites(TestNG.java:1099)\n\tat org.testng.TestNG.run(TestNG.java:1067)\n\tat com.intellij.rt.testng.IDEARemoteTestNG.run(IDEARemoteTestNG.java:65)\n\tat com.intellij.rt.testng.RemoteTestNGStarter.main(RemoteTestNGStarter.java:105)\nCaused by: org.openqa.selenium.UnhandledAlertException: unexpected alert open: {Alert text : Vui lòng điền đầy đủ thông tin}\n  (Session info: chrome=124.0.6367.208): Vui lòng điền đầy đủ thông tin\nBuild info: version: '4.13.0', revision: 'ba948ece5b*'\nSystem info: os.name: 'Mac OS X', os.arch: 'aarch64', os.version: '13.6', java.version: '21.0.2'\nDriver info: org.openqa.selenium.chrome.ChromeDriver\nCommand: [85a342c08e12a0b51f34bb5507055d85, findElement {using=id, value=quantity--inputError}]\nCapabilities {acceptInsecureCerts: true, browserName: chrome, browserVersion: 124.0.6367.208, chrome: {chromedriverVersion: 124.0.6367.207 (a9001a6e39f..., userDataDir: /var/folders/5l/cq9tq84s6b5...}, fedcm:accounts: true, goog:chromeOptions: {debuggerAddress: localhost:50914}, networkConnectionEnabled: false, pageLoadStrategy: normal, platformName: mac, proxy: Proxy(), se:cdp: ws://localhost:50914/devtoo..., se:cdpVersion: 124.0.6367.208, setWindowRect: true, strictFileInteractability: false, timeouts: {implicit: 0, pageLoad: 300000, script: 30000}, unhandledPromptBehavior: accept and notify, webauthn:extension:credBlob: true, webauthn:extension:largeBlob: true, webauthn:extension:minPinLength: true, webauthn:extension:prf: true, webauthn:virtualAuthenticators: true}\nSession ID: 85a342c08e12a0b51f34bb5507055d85\n\tat org.openqa.selenium.remote.codec.w3c.W3CHttpResponseCodec.decode(W3CHttpResponseCodec.java:131)\n\tat org.openqa.selenium.remote.codec.w3c.W3CHttpResponseCodec.decode(W3CHttpResponseCodec.java:52)\n\tat org.openqa.selenium.remote.HttpCommandExecutor.execute(HttpCommandExecutor.java:191)\n\tat org.openqa.selenium.remote.service.DriverCommandExecutor.invokeExecute(DriverCommandExecutor.java:196)\n\tat org.openqa.selenium.remote.service.DriverCommandExecutor.execute(DriverCommandExecutor.java:171)\n\tat org.openqa.selenium.remote.RemoteWebDriver.execute(RemoteWebDriver.java:602)\n\tat org.openqa.selenium.remote.ElementLocation$ElementFinder$2.findElement(ElementLocation.java:165)\n\tat org.openqa.selenium.remote.ElementLocation.findElement(ElementLocation.java:59)\n\tat org.openqa.selenium.remote.RemoteWebDriver.findElement(RemoteWebDriver.java:359)\n\tat org.openqa.selenium.remote.RemoteWebDriver.findElement(RemoteWebDriver.java:353)\n\tat com.codeborne.selenide.impl.WebElementSelector.findElement(WebElementSelector.java:70)\n\tat com.codeborne.selenide.impl.WebElementSelector.findElement(WebElementSelector.java:44)\n\tat com.codeborne.selenide.impl.WebElementSelector.findElement(WebElementSelector.java:33)\n\tat com.codeborne.selenide.impl.ElementFinder.getWebElement(ElementFinder.java:122)\n\tat com.codeborne.selenide.commands.GetText.execute(GetText.java:29)\n\tat com.codeborne.selenide.commands.GetText.execute(GetText.java:13)\n\tat com.codeborne.selenide.commands.Commands.execute(Commands.java:165)\n\tat com.codeborne.selenide.impl.SelenideElementProxy.dispatchAndRetry(SelenideElementProxy.java:132)\n\tat com.codeborne.selenide.impl.SelenideElementProxy.invoke(SelenideElementProxy.java:84)\n\t... 29 more\n"},"stage":"finished","steps":[],"attachments":[],"parameters":[{"name":"inputId","value":"quantity--input"},{"name":"expectedErrorText","value":"Số lượng tối thiểu là 1"}],"start":1716314800346,"stop":1716314800519}],"attachments":[],"parameters":[],"start":1716314799962,"stop":1716314800520}