{"uuid":"7c2bd4cb-db23-44be-90be-9b5e4e79a128","historyId":"3219b172c75565f201483429b17204db","fullName":"org.example.pftesting.testcases.orders.CreateOrder.createOrder_invalidData_negativeProductPrice","labels":[{"name":"package","value":"org.example.pftesting.testcases.orders.CreateOrder"},{"name":"testClass","value":"org.example.pftesting.testcases.orders.CreateOrder"},{"name":"testMethod","value":"createOrder_invalidData_negativeProductPrice"},{"name":"parentSuite","value":"All Test Suite"},{"name":"suite","value":"/Users/bbadmin/Documents/BB/pftesting/src/test/java/org/example/pftesting/testcases"},{"name":"subSuite","value":"org.example.pftesting.testcases.orders.CreateOrder"},{"name":"host","value":"MacBook-Pro-cua-quynhniee.local"},{"name":"thread","value":"31890@MacBook-Pro-cua-quynhniee.local.main(1)"},{"name":"framework","value":"testng"},{"name":"language","value":"java"}],"links":[],"name":"Thêm sản phẩm vào đơn hàng với giá = -1","status":"failed","statusDetails":{"known":false,"muted":false,"flaky":false,"message":"Element not found {By.xpath: //div[contains(@class, 'mall')]}\nExpected: visible\nScreenshot: file:/Users/bbadmin/Documents/BB/pftesting/build/reports/tests/org/example/pftesting/testcases/orders/CreateOrder/createOrder_invalidData_negativeProductPrice/1716315355014.16.png\nTimeout: 5 s.\nCaused by: NoSuchElementException: no such element: Unable to locate element: {\"method\":\"xpath\",\"selector\":\"//div[contains(@class, 'mall')]\"}","trace":"Element not found {By.xpath: //div[contains(@class, 'mall')]}\nExpected: visible\nScreenshot: file:/Users/bbadmin/Documents/BB/pftesting/build/reports/tests/org/example/pftesting/testcases/orders/CreateOrder/createOrder_invalidData_negativeProductPrice/1716315355014.16.png\nTimeout: 5 s.\nCaused by: NoSuchElementException: no such element: Unable to locate element: {\"method\":\"xpath\",\"selector\":\"//div[contains(@class, 'mall')]\"}\n\tat com.codeborne.selenide.impl.WebElementSource.createElementNotFoundError(WebElementSource.java:91)\n\tat com.codeborne.selenide.impl.ElementFinder.createElementNotFoundError(ElementFinder.java:142)\n\tat com.codeborne.selenide.impl.WebElementSource.handleError(WebElementSource.java:143)\n\tat com.codeborne.selenide.impl.WebElementSource.checkConditionAndReturnElement(WebElementSource.java:127)\n\tat com.codeborne.selenide.impl.WebElementSource.checkCondition(WebElementSource.java:104)\n\tat com.codeborne.selenide.commands.Should.execute(Should.java:30)\n\tat com.codeborne.selenide.commands.Should.execute(Should.java:14)\n\tat com.codeborne.selenide.commands.Commands.execute(Commands.java:165)\n\tat com.codeborne.selenide.impl.SelenideElementProxy.dispatchAndRetry(SelenideElementProxy.java:132)\n\tat com.codeborne.selenide.impl.SelenideElementProxy.invoke(SelenideElementProxy.java:84)\n\tat jdk.proxy2/jdk.proxy2.$Proxy22.shouldBe(Unknown Source)\n\tat keywords.WebUI.assertModalIsOpen(WebUI.java:56)\n\tat org.example.pftesting.pages.orders.OrdersPage.addOrderProduct_negativeProductPrice(OrdersPage.java:143)\n\tat org.example.pftesting.testcases.orders.CreateOrder.createOrder_invalidData_negativeProductPrice(CreateOrder.java:110)\n\tat java.base/jdk.internal.reflect.DirectMethodHandleAccessor.invoke(DirectMethodHandleAccessor.java:103)\n\tat java.base/java.lang.reflect.Method.invoke(Method.java:580)\n\tat org.testng.internal.invokers.MethodInvocationHelper.invokeMethod(MethodInvocationHelper.java:139)\n\tat org.testng.internal.invokers.TestInvoker.invokeMethod(TestInvoker.java:677)\n\tat org.testng.internal.invokers.TestInvoker.invokeTestMethod(TestInvoker.java:221)\n\tat org.testng.internal.invokers.MethodRunner.runInSequence(MethodRunner.java:50)\n\tat org.testng.internal.invokers.TestInvoker$MethodInvocationAgent.invoke(TestInvoker.java:969)\n\tat org.testng.internal.invokers.TestInvoker.invokeTestMethods(TestInvoker.java:194)\n\tat org.testng.internal.invokers.TestMethodWorker.invokeTestMethods(TestMethodWorker.java:148)\n\tat org.testng.internal.invokers.TestMethodWorker.run(TestMethodWorker.java:128)\n\tat java.base/java.util.ArrayList.forEach(ArrayList.java:1596)\n\tat org.testng.TestRunner.privateRun(TestRunner.java:829)\n\tat org.testng.TestRunner.run(TestRunner.java:602)\n\tat org.testng.SuiteRunner.runTest(SuiteRunner.java:437)\n\tat org.testng.SuiteRunner.runSequentially(SuiteRunner.java:431)\n\tat org.testng.SuiteRunner.privateRun(SuiteRunner.java:391)\n\tat org.testng.SuiteRunner.run(SuiteRunner.java:330)\n\tat org.testng.SuiteRunnerWorker.runSuite(SuiteRunnerWorker.java:52)\n\tat org.testng.SuiteRunnerWorker.run(SuiteRunnerWorker.java:95)\n\tat org.testng.TestNG.runSuitesSequentially(TestNG.java:1256)\n\tat org.testng.TestNG.runSuitesLocally(TestNG.java:1176)\n\tat org.testng.TestNG.runSuites(TestNG.java:1099)\n\tat org.testng.TestNG.run(TestNG.java:1067)\n\tat com.intellij.rt.testng.IDEARemoteTestNG.run(IDEARemoteTestNG.java:65)\n\tat com.intellij.rt.testng.RemoteTestNGStarter.main(RemoteTestNGStarter.java:105)\nCaused by: org.openqa.selenium.NoSuchElementException: no such element: Unable to locate element: {\"method\":\"xpath\",\"selector\":\"//div[contains(@class, 'mall')]\"}\n  (Session info: chrome=124.0.6367.208)\nFor documentation on this error, please visit: https://www.selenium.dev/documentation/webdriver/troubleshooting/errors#no-such-element-exception\nBuild info: version: '4.13.0', revision: 'ba948ece5b*'\nSystem info: os.name: 'Mac OS X', os.arch: 'aarch64', os.version: '13.6', java.version: '21.0.2'\nDriver info: org.openqa.selenium.chrome.ChromeDriver\nCommand: [be8439debcc755b44e9095fb4689f198, findElement {using=xpath, value=//div[contains(@class, 'mall')]}]\nCapabilities {acceptInsecureCerts: true, browserName: chrome, browserVersion: 124.0.6367.208, chrome: {chromedriverVersion: 124.0.6367.207 (a9001a6e39f..., userDataDir: /var/folders/5l/cq9tq84s6b5...}, fedcm:accounts: true, goog:chromeOptions: {debuggerAddress: localhost:52508}, networkConnectionEnabled: false, pageLoadStrategy: normal, platformName: mac, proxy: Proxy(), se:cdp: ws://localhost:52508/devtoo..., se:cdpVersion: 124.0.6367.208, setWindowRect: true, strictFileInteractability: false, timeouts: {implicit: 0, pageLoad: 300000, script: 30000}, unhandledPromptBehavior: ignore, webauthn:extension:credBlob: true, webauthn:extension:largeBlob: true, webauthn:extension:minPinLength: true, webauthn:extension:prf: true, webauthn:virtualAuthenticators: true}\nSession ID: be8439debcc755b44e9095fb4689f198\n\tat java.base/jdk.internal.reflect.DirectConstructorHandleAccessor.newInstance(DirectConstructorHandleAccessor.java:62)\n\tat java.base/java.lang.reflect.Constructor.newInstanceWithCaller(Constructor.java:502)\n\tat java.base/java.lang.reflect.Constructor.newInstance(Constructor.java:486)\n\tat org.openqa.selenium.remote.codec.w3c.W3CHttpResponseCodec.createException(W3CHttpResponseCodec.java:200)\n\tat org.openqa.selenium.remote.codec.w3c.W3CHttpResponseCodec.decode(W3CHttpResponseCodec.java:133)\n\tat org.openqa.selenium.remote.codec.w3c.W3CHttpResponseCodec.decode(W3CHttpResponseCodec.java:52)\n\tat org.openqa.selenium.remote.HttpCommandExecutor.execute(HttpCommandExecutor.java:191)\n\tat org.openqa.selenium.remote.service.DriverCommandExecutor.invokeExecute(DriverCommandExecutor.java:196)\n\tat org.openqa.selenium.remote.service.DriverCommandExecutor.execute(DriverCommandExecutor.java:171)\n\tat org.openqa.selenium.remote.RemoteWebDriver.execute(RemoteWebDriver.java:602)\n\tat org.openqa.selenium.remote.ElementLocation$ElementFinder$2.findElement(ElementLocation.java:165)\n\tat org.openqa.selenium.remote.ElementLocation.findElement(ElementLocation.java:59)\n\tat org.openqa.selenium.remote.RemoteWebDriver.findElement(RemoteWebDriver.java:359)\n\tat org.openqa.selenium.remote.RemoteWebDriver.findElement(RemoteWebDriver.java:353)\n\tat com.codeborne.selenide.impl.WebElementSelector.findElement(WebElementSelector.java:70)\n\tat com.codeborne.selenide.impl.WebElementSelector.findElement(WebElementSelector.java:44)\n\tat com.codeborne.selenide.impl.WebElementSelector.findElement(WebElementSelector.java:33)\n\tat com.codeborne.selenide.impl.ElementFinder.getWebElement(ElementFinder.java:122)\n\tat com.codeborne.selenide.impl.WebElementSource.checkConditionAndReturnElement(WebElementSource.java:116)\n\t... 35 more\n"},"stage":"finished","steps":[{"name":"Click on the element By.id: add-order-product-btn","status":"passed","stage":"finished","steps":[{"name":"Wait for the element By.id: add-order-product-btn to be visible","status":"passed","stage":"finished","steps":[],"attachments":[],"parameters":[{"name":"by","value":"By.id: add-order-product-btn"}],"start":1716315347042,"stop":1716315347052}],"attachments":[],"parameters":[{"name":"by","value":"By.id: add-order-product-btn"}],"start":1716315347042,"stop":1716315347082},{"name":"Wait until a modal with title \"Thêm Mặt Hàng\" is visible","status":"passed","stage":"finished","steps":[{"name":"Wait for the element By.xpath: //h2[contains(text(),'Thêm Mặt Hàng')]/ancestor::div[contains(@class, 'Polaris-Modal-Dialog__Modal')] to be visible","status":"passed","stage":"finished","steps":[],"attachments":[],"parameters":[{"name":"by","value":"By.xpath: //h2[contains(text(),'Thêm Mặt Hàng')]/ancestor::div[contains(@class, 'Polaris-Modal-Dialog__Modal')]"}],"start":1716315347082,"stop":1716315347093}],"attachments":[],"parameters":[{"name":"title","value":"Thêm Mặt Hàng"}],"start":1716315347082,"stop":1716315347093},{"name":"Click on the element By.id: add-order-product-btn","status":"passed","stage":"finished","steps":[{"name":"Wait for the element By.id: add-order-product-btn to be visible","status":"passed","stage":"finished","steps":[],"attachments":[],"parameters":[{"name":"by","value":"By.id: add-order-product-btn"}],"start":1716315347094,"stop":1716315347103}],"attachments":[],"parameters":[{"name":"by","value":"By.id: add-order-product-btn"}],"start":1716315347094,"stop":1716315347125},{"name":"Wait until a modal with title \"Thêm Mặt Hàng\" is visible","status":"passed","stage":"finished","steps":[{"name":"Wait for the element By.xpath: //h2[contains(text(),'Thêm Mặt Hàng')]/ancestor::div[contains(@class, 'Polaris-Modal-Dialog__Modal')] to be visible","status":"passed","stage":"finished","steps":[],"attachments":[],"parameters":[{"name":"by","value":"By.xpath: //h2[contains(text(),'Thêm Mặt Hàng')]/ancestor::div[contains(@class, 'Polaris-Modal-Dialog__Modal')]"}],"start":1716315347126,"stop":1716315347139}],"attachments":[],"parameters":[{"name":"title","value":"Thêm Mặt Hàng"}],"start":1716315347126,"stop":1716315347139},{"name":"Clear and fill the input field By.id: quantity--input with value \"10\"","status":"passed","stage":"finished","steps":[{"name":"Wait for the element By.id: quantity--input to be visible","status":"passed","stage":"finished","steps":[],"attachments":[],"parameters":[{"name":"by","value":"By.id: quantity--input"}],"start":1716315349606,"stop":1716315349621}],"attachments":[],"parameters":[{"name":"by","value":"By.id: quantity--input"},{"name":"value","value":"10"}],"start":1716315349606,"stop":1716315349729},{"name":"Clear and fill the input field By.id: price--input with value \"-1\"","status":"passed","stage":"finished","steps":[{"name":"Wait for the element By.id: price--input to be visible","status":"passed","stage":"finished","steps":[],"attachments":[],"parameters":[{"name":"by","value":"By.id: price--input"}],"start":1716315349729,"stop":1716315349740}],"attachments":[],"parameters":[{"name":"by","value":"By.id: price--input"},{"name":"value","value":"-1"}],"start":1716315349729,"stop":1716315349825},{"name":"Click on the button containing text \"Thêm\"","status":"passed","stage":"finished","steps":[],"attachments":[],"parameters":[{"name":"text","value":"Thêm"}],"start":1716315349825,"stop":1716315349868},{"name":"Assert that the modal located by By.xpath: //div[contains(@class, 'mall')] is open","status":"failed","statusDetails":{"known":false,"muted":false,"flaky":false,"message":"Element not found {By.xpath: //div[contains(@class, 'mall')]}\nExpected: visible\nScreenshot: file:/Users/bbadmin/Documents/BB/pftesting/build/reports/tests/org/example/pftesting/testcases/orders/CreateOrder/createOrder_invalidData_negativeProductPrice/1716315355014.16.png\nTimeout: 5 s.\nCaused by: NoSuchElementException: no such element: Unable to locate element: {\"method\":\"xpath\",\"selector\":\"//div[contains(@class, 'mall')]\"}","trace":"Element not found {By.xpath: //div[contains(@class, 'mall')]}\nExpected: visible\nScreenshot: file:/Users/bbadmin/Documents/BB/pftesting/build/reports/tests/org/example/pftesting/testcases/orders/CreateOrder/createOrder_invalidData_negativeProductPrice/1716315355014.16.png\nTimeout: 5 s.\nCaused by: NoSuchElementException: no such element: Unable to locate element: {\"method\":\"xpath\",\"selector\":\"//div[contains(@class, 'mall')]\"}\n\tat com.codeborne.selenide.impl.WebElementSource.createElementNotFoundError(WebElementSource.java:91)\n\tat com.codeborne.selenide.impl.ElementFinder.createElementNotFoundError(ElementFinder.java:142)\n\tat com.codeborne.selenide.impl.WebElementSource.handleError(WebElementSource.java:143)\n\tat com.codeborne.selenide.impl.WebElementSource.checkConditionAndReturnElement(WebElementSource.java:127)\n\tat com.codeborne.selenide.impl.WebElementSource.checkCondition(WebElementSource.java:104)\n\tat com.codeborne.selenide.commands.Should.execute(Should.java:30)\n\tat com.codeborne.selenide.commands.Should.execute(Should.java:14)\n\tat com.codeborne.selenide.commands.Commands.execute(Commands.java:165)\n\tat com.codeborne.selenide.impl.SelenideElementProxy.dispatchAndRetry(SelenideElementProxy.java:132)\n\tat com.codeborne.selenide.impl.SelenideElementProxy.invoke(SelenideElementProxy.java:84)\n\tat jdk.proxy2/jdk.proxy2.$Proxy22.shouldBe(Unknown Source)\n\tat keywords.WebUI.assertModalIsOpen(WebUI.java:56)\n\tat org.example.pftesting.pages.orders.OrdersPage.addOrderProduct_negativeProductPrice(OrdersPage.java:143)\n\tat org.example.pftesting.testcases.orders.CreateOrder.createOrder_invalidData_negativeProductPrice(CreateOrder.java:110)\n\tat java.base/jdk.internal.reflect.DirectMethodHandleAccessor.invoke(DirectMethodHandleAccessor.java:103)\n\tat java.base/java.lang.reflect.Method.invoke(Method.java:580)\n\tat org.testng.internal.invokers.MethodInvocationHelper.invokeMethod(MethodInvocationHelper.java:139)\n\tat org.testng.internal.invokers.TestInvoker.invokeMethod(TestInvoker.java:677)\n\tat org.testng.internal.invokers.TestInvoker.invokeTestMethod(TestInvoker.java:221)\n\tat org.testng.internal.invokers.MethodRunner.runInSequence(MethodRunner.java:50)\n\tat org.testng.internal.invokers.TestInvoker$MethodInvocationAgent.invoke(TestInvoker.java:969)\n\tat org.testng.internal.invokers.TestInvoker.invokeTestMethods(TestInvoker.java:194)\n\tat org.testng.internal.invokers.TestMethodWorker.invokeTestMethods(TestMethodWorker.java:148)\n\tat org.testng.internal.invokers.TestMethodWorker.run(TestMethodWorker.java:128)\n\tat java.base/java.util.ArrayList.forEach(ArrayList.java:1596)\n\tat org.testng.TestRunner.privateRun(TestRunner.java:829)\n\tat org.testng.TestRunner.run(TestRunner.java:602)\n\tat org.testng.SuiteRunner.runTest(SuiteRunner.java:437)\n\tat org.testng.SuiteRunner.runSequentially(SuiteRunner.java:431)\n\tat org.testng.SuiteRunner.privateRun(SuiteRunner.java:391)\n\tat org.testng.SuiteRunner.run(SuiteRunner.java:330)\n\tat org.testng.SuiteRunnerWorker.runSuite(SuiteRunnerWorker.java:52)\n\tat org.testng.SuiteRunnerWorker.run(SuiteRunnerWorker.java:95)\n\tat org.testng.TestNG.runSuitesSequentially(TestNG.java:1256)\n\tat org.testng.TestNG.runSuitesLocally(TestNG.java:1176)\n\tat org.testng.TestNG.runSuites(TestNG.java:1099)\n\tat org.testng.TestNG.run(TestNG.java:1067)\n\tat com.intellij.rt.testng.IDEARemoteTestNG.run(IDEARemoteTestNG.java:65)\n\tat com.intellij.rt.testng.RemoteTestNGStarter.main(RemoteTestNGStarter.java:105)\nCaused by: org.openqa.selenium.NoSuchElementException: no such element: Unable to locate element: {\"method\":\"xpath\",\"selector\":\"//div[contains(@class, 'mall')]\"}\n  (Session info: chrome=124.0.6367.208)\nFor documentation on this error, please visit: https://www.selenium.dev/documentation/webdriver/troubleshooting/errors#no-such-element-exception\nBuild info: version: '4.13.0', revision: 'ba948ece5b*'\nSystem info: os.name: 'Mac OS X', os.arch: 'aarch64', os.version: '13.6', java.version: '21.0.2'\nDriver info: org.openqa.selenium.chrome.ChromeDriver\nCommand: [be8439debcc755b44e9095fb4689f198, findElement {using=xpath, value=//div[contains(@class, 'mall')]}]\nCapabilities {acceptInsecureCerts: true, browserName: chrome, browserVersion: 124.0.6367.208, chrome: {chromedriverVersion: 124.0.6367.207 (a9001a6e39f..., userDataDir: /var/folders/5l/cq9tq84s6b5...}, fedcm:accounts: true, goog:chromeOptions: {debuggerAddress: localhost:52508}, networkConnectionEnabled: false, pageLoadStrategy: normal, platformName: mac, proxy: Proxy(), se:cdp: ws://localhost:52508/devtoo..., se:cdpVersion: 124.0.6367.208, setWindowRect: true, strictFileInteractability: false, timeouts: {implicit: 0, pageLoad: 300000, script: 30000}, unhandledPromptBehavior: ignore, webauthn:extension:credBlob: true, webauthn:extension:largeBlob: true, webauthn:extension:minPinLength: true, webauthn:extension:prf: true, webauthn:virtualAuthenticators: true}\nSession ID: be8439debcc755b44e9095fb4689f198\n\tat java.base/jdk.internal.reflect.DirectConstructorHandleAccessor.newInstance(DirectConstructorHandleAccessor.java:62)\n\tat java.base/java.lang.reflect.Constructor.newInstanceWithCaller(Constructor.java:502)\n\tat java.base/java.lang.reflect.Constructor.newInstance(Constructor.java:486)\n\tat org.openqa.selenium.remote.codec.w3c.W3CHttpResponseCodec.createException(W3CHttpResponseCodec.java:200)\n\tat org.openqa.selenium.remote.codec.w3c.W3CHttpResponseCodec.decode(W3CHttpResponseCodec.java:133)\n\tat org.openqa.selenium.remote.codec.w3c.W3CHttpResponseCodec.decode(W3CHttpResponseCodec.java:52)\n\tat org.openqa.selenium.remote.HttpCommandExecutor.execute(HttpCommandExecutor.java:191)\n\tat org.openqa.selenium.remote.service.DriverCommandExecutor.invokeExecute(DriverCommandExecutor.java:196)\n\tat org.openqa.selenium.remote.service.DriverCommandExecutor.execute(DriverCommandExecutor.java:171)\n\tat org.openqa.selenium.remote.RemoteWebDriver.execute(RemoteWebDriver.java:602)\n\tat org.openqa.selenium.remote.ElementLocation$ElementFinder$2.findElement(ElementLocation.java:165)\n\tat org.openqa.selenium.remote.ElementLocation.findElement(ElementLocation.java:59)\n\tat org.openqa.selenium.remote.RemoteWebDriver.findElement(RemoteWebDriver.java:359)\n\tat org.openqa.selenium.remote.RemoteWebDriver.findElement(RemoteWebDriver.java:353)\n\tat com.codeborne.selenide.impl.WebElementSelector.findElement(WebElementSelector.java:70)\n\tat com.codeborne.selenide.impl.WebElementSelector.findElement(WebElementSelector.java:44)\n\tat com.codeborne.selenide.impl.WebElementSelector.findElement(WebElementSelector.java:33)\n\tat com.codeborne.selenide.impl.ElementFinder.getWebElement(ElementFinder.java:122)\n\tat com.codeborne.selenide.impl.WebElementSource.checkConditionAndReturnElement(WebElementSource.java:116)\n\t... 35 more\n"},"stage":"finished","steps":[],"attachments":[],"parameters":[{"name":"modalBy","value":"By.xpath: //div[contains(@class, 'mall')]"}],"start":1716315349868,"stop":1716315355211}],"attachments":[],"parameters":[],"start":1716315347042,"stop":1716315355211}